127.0.0.1 - - [23/Jul/2014:14:03:36 +0800] "GET /cgi-bin/readSettings.py HTTP/1.1" 500 548
127.0.0.1 - - [23/Jul/2014:14:03:36 +0800] "GET /fonts/open-iconic.woff HTTP/1.1" 404 220
127.0.0.1 - - [23/Jul/2014:14:03:37 +0800] "GET / HTTP/1.1" 200 1995
127.0.0.1 - - [23/Jul/2014:14:03:37 +0800] "GET /css/style.css HTTP/1.1" 200 4729
127.0.0.1 - - [23/Jul/2014:14:03:37 +0800] "GET /css/normalize.css HTTP/1.1" 200 10086
127.0.0.1 - - [23/Jul/2014:14:03:37 +0800] "GET /fonts/open-iconic.css HTTP/1.1" 200 14367
127.0.0.1 - - [23/Jul/2014:14:03:37 +0800] "GET /js/vendor/modernizr.custom.71422.js HTTP/1.1" 200 9096
127.0.0.1 - - [23/Jul/2014:14:03:37 +0800] "GET /js/pushy.js HTTP/1.1" 200 2490
127.0.0.1 - - [23/Jul/2014:14:03:37 +0800] "GET /js/menu.js HTTP/1.1" 200 503
127.0.0.1 - - [23/Jul/2014:14:03:37 +0800] "GET /js/settings.js HTTP/1.1" 200 3307
127.0.0.1 - - [23/Jul/2014:14:03:38 +0800] "GET /cgi-bin/readSettings.py HTTP/1.1" 500 548
127.0.0.1 - - [23/Jul/2014:14:03:38 +0800] "GET /content/landing.html HTTP/1.1" 200 388
127.0.0.1 - - [23/Jul/2014:14:03:38 +0800] "GET /fonts/open-iconic.woff HTTP/1.1" 404 220
127.0.0.1 - - [23/Jul/2014:14:03:41 +0800] "GET /fonts/open-iconic.ttf HTTP/1.1" 200 28028
127.0.0.1 - - [23/Jul/2014:14:03:41 +0800] "GET /favicon.ico HTTP/1.1" 404 209
127.0.0.1 - - [23/Jul/2014:14:06:15 +0800] "GET / HTTP/1.1" 200 1995
127.0.0.1 - - [23/Jul/2014:14:06:16 +0800] "GET /css/normalize.css HTTP/1.1" 200 10086
127.0.0.1 - - [23/Jul/2014:14:06:16 +0800] "GET /css/style.css HTTP/1.1" 200 4729
127.0.0.1 - - [23/Jul/2014:14:06:16 +0800] "GET /fonts/open-iconic.css HTTP/1.1" 200 14367
127.0.0.1 - - [23/Jul/2014:14:06:16 +0800] "GET /js/pushy.js HTTP/1.1" 200 2490
127.0.0.1 - - [23/Jul/2014:14:06:16 +0800] "GET /js/vendor/modernizr.custom.71422.js HTTP/1.1" 200 9096
127.0.0.1 - - [23/Jul/2014:14:06:16 +0800] "GET /js/menu.js HTTP/1.1" 200 503
127.0.0.1 - - [23/Jul/2014:14:06:16 +0800] "GET /js/settings.js HTTP/1.1" 200 3307
127.0.0.1 - - [23/Jul/2014:14:06:16 +0800] "GET /content/landing.html HTTP/1.1" 200 388
127.0.0.1 - - [23/Jul/2014:14:06:16 +0800] "GET /fonts/open-iconic.woff HTTP/1.1" 404 220
127.0.0.1 - - [23/Jul/2014:14:06:16 +0800] "GET /css/style.css HTTP/1.1" 304 -
127.0.0.1 - - [23/Jul/2014:14:06:16 +0800] "GET /css/normalize.css HTTP/1.1" 304 -
127.0.0.1 - - [23/Jul/2014:14:06:16 +0800] "GET /js/vendor/modernizr.custom.71422.js HTTP/1.1" 304 -
127.0.0.1 - - [23/Jul/2014:14:06:16 +0800] "GET /fonts/open-iconic.ttf HTTP/1.1" 200 28028
127.0.0.1 - - [23/Jul/2014:14:06:19 +0800] "GET /content/settings.html HTTP/1.1" 200 4521
127.0.0.1 - - [23/Jul/2014:14:06:16 +0800] "GET /cgi-bin/readSettings.py HTTP/1.1" 200 58
127.0.0.1 - - [23/Jul/2014:14:06:19 +0800] "GET /cgi-bin/readSettings.py HTTP/1.1" 200 58
127.0.0.1 - - [23/Jul/2014:14:06:42 +0800] "POST /cgi-bin/writeSettings.py HTTP/1.1" 200 75
127.0.0.1 - - [23/Jul/2014:14:06:42 +0800] "GET / HTTP/1.1" 200 1995
127.0.0.1 - - [23/Jul/2014:14:06:42 +0800] "GET /css/style.css HTTP/1.1" 200 4729
127.0.0.1 - - [23/Jul/2014:14:06:42 +0800] "GET /fonts/open-iconic.css HTTP/1.1" 200 14367
127.0.0.1 - - [23/Jul/2014:14:06:42 +0800] "GET /css/normalize.css HTTP/1.1" 200 10086
127.0.0.1 - - [23/Jul/2014:14:06:42 +0800] "GET /js/vendor/modernizr.custom.71422.js HTTP/1.1" 200 9096
127.0.0.1 - - [23/Jul/2014:14:06:42 +0800] "GET /js/menu.js HTTP/1.1" 200 503
127.0.0.1 - - [23/Jul/2014:14:06:42 +0800] "GET /js/pushy.js HTTP/1.1" 200 2490
127.0.0.1 - - [23/Jul/2014:14:06:42 +0800] "GET /js/settings.js HTTP/1.1" 200 3307
127.0.0.1 - - [23/Jul/2014:14:06:42 +0800] "GET /content/landing.html HTTP/1.1" 200 388
127.0.0.1 - - [23/Jul/2014:14:06:42 +0800] "GET /fonts/open-iconic.woff HTTP/1.1" 404 220
127.0.0.1 - - [23/Jul/2014:14:06:42 +0800] "GET /cgi-bin/readSettings.py HTTP/1.1" 200 140
127.0.0.1 - - [23/Jul/2014:14:06:43 +0800] "GET /fonts/open-iconic.ttf HTTP/1.1" 200 28028
127.0.0.1 - - [23/Jul/2014:14:06:46 +0800] "GET /content/settings.html HTTP/1.1" 200 4521
127.0.0.1 - - [23/Jul/2014:14:06:46 +0800] "GET /cgi-bin/readSettings.py HTTP/1.1" 200 140
127.0.0.1 - - [23/Jul/2014:14:08:23 +0800] "GET / HTTP/1.1" 200 1995
127.0.0.1 - - [23/Jul/2014:14:08:23 +0800] "GET /css/normalize.css HTTP/1.1" 200 10086
127.0.0.1 - - [23/Jul/2014:14:08:23 +0800] "GET /js/menu.js HTTP/1.1" 200 503
127.0.0.1 - - [23/Jul/2014:14:08:23 +0800] "GET /js/vendor/modernizr.custom.71422.js HTTP/1.1" 200 9096
127.0.0.1 - - [23/Jul/2014:14:08:23 +0800] "GET /js/settings.js HTTP/1.1" 200 3307
127.0.0.1 - - [23/Jul/2014:14:08:23 +0800] "GET /js/pushy.js HTTP/1.1" 200 2490
127.0.0.1 - - [23/Jul/2014:14:08:23 +0800] "GET /css/style.css HTTP/1.1" 200 4729
127.0.0.1 - - [23/Jul/2014:14:08:23 +0800] "GET /fonts/open-iconic.css HTTP/1.1" 200 14367
127.0.0.1 - - [23/Jul/2014:14:08:24 +0800] "GET /content/landing.html HTTP/1.1" 200 388
127.0.0.1 - - [23/Jul/2014:14:08:24 +0800] "GET /fonts/open-iconic.woff HTTP/1.1" 404 220
127.0.0.1 - - [23/Jul/2014:14:08:24 +0800] "GET /css/normalize.css HTTP/1.1" 304 -
127.0.0.1 - - [23/Jul/2014:14:08:24 +0800] "GET /js/vendor/modernizr.custom.71422.js HTTP/1.1" 304 -
127.0.0.1 - - [23/Jul/2014:14:08:24 +0800] "GET /css/style.css HTTP/1.1" 304 -
127.0.0.1 - - [23/Jul/2014:14:08:24 +0800] "GET /cgi-bin/readSettings.py HTTP/1.1" 200 140
127.0.0.1 - - [23/Jul/2014:14:08:24 +0800] "GET /fonts/open-iconic.ttf HTTP/1.1" 200 28028
127.0.0.1 - - [23/Jul/2014:14:08:26 +0800] "GET /content/settings.html HTTP/1.1" 200 4521
127.0.0.1 - - [23/Jul/2014:14:08:26 +0800] "GET /cgi-bin/readSettings.py HTTP/1.1" 200 140
127.0.0.1 - - [23/Jul/2014:14:08:45 +0800] "POST /cgi-bin/writeSettings.py HTTP/1.1" 200 75
127.0.0.1 - - [23/Jul/2014:14:08:45 +0800] "GET / HTTP/1.1" 200 1995
127.0.0.1 - - [23/Jul/2014:14:08:45 +0800] "GET /css/style.css HTTP/1.1" 200 4729
127.0.0.1 - - [23/Jul/2014:14:08:45 +0800] "GET /css/normalize.css HTTP/1.1" 200 10086
127.0.0.1 - - [23/Jul/2014:14:08:45 +0800] "GET /fonts/open-iconic.css HTTP/1.1" 200 14367
127.0.0.1 - - [23/Jul/2014:14:08:45 +0800] "GET /js/pushy.js HTTP/1.1" 200 2490
127.0.0.1 - - [23/Jul/2014:14:08:45 +0800] "GET /js/vendor/modernizr.custom.71422.js HTTP/1.1" 200 9096
127.0.0.1 - - [23/Jul/2014:14:08:45 +0800] "GET /js/menu.js HTTP/1.1" 200 503
127.0.0.1 - - [23/Jul/2014:14:08:45 +0800] "GET /js/settings.js HTTP/1.1" 200 3307
127.0.0.1 - - [23/Jul/2014:14:08:46 +0800] "GET /content/landing.html HTTP/1.1" 200 388
127.0.0.1 - - [23/Jul/2014:14:08:46 +0800] "GET /fonts/open-iconic.woff HTTP/1.1" 404 220
127.0.0.1 - - [23/Jul/2014:14:08:46 +0800] "GET /fonts/open-iconic.ttf HTTP/1.1" 200 28028
127.0.0.1 - - [23/Jul/2014:14:08:46 +0800] "GET /cgi-bin/readSettings.py HTTP/1.1" 200 140
127.0.0.1 - - [23/Jul/2014:14:08:49 +0800] "GET /content/settings.html HTTP/1.1" 200 4521
127.0.0.1 - - [23/Jul/2014:14:08:49 +0800] "GET /cgi-bin/readSettings.py HTTP/1.1" 200 140
::1 - - [24/Jul/2014:09:15:57 +0800] "GET / HTTP/1.1" 200 2004
::1 - - [24/Jul/2014:09:15:57 +0800] "GET /fonts/open-iconic.css HTTP/1.1" 200 14367
::1 - - [24/Jul/2014:09:15:57 +0800] "GET /css/style.css HTTP/1.1" 200 4355
::1 - - [24/Jul/2014:09:15:57 +0800] "GET /css/normalize.css HTTP/1.1" 200 10086
::1 - - [24/Jul/2014:09:15:57 +0800] "GET /js/pushy.js HTTP/1.1" 200 2490
::1 - - [24/Jul/2014:09:15:57 +0800] "GET /js/settings.js HTTP/1.1" 200 3816
::1 - - [24/Jul/2014:09:15:57 +0800] "GET /js/menu.js HTTP/1.1" 200 508
::1 - - [24/Jul/2014:09:15:57 +0800] "GET /js/vendor/modernizr.custom.71422.js HTTP/1.1" 200 9096
::1 - - [24/Jul/2014:09:15:58 +0800] "GET /fonts/open-iconic.woff HTTP/1.1" 404 220
::1 - - [24/Jul/2014:09:15:58 +0800] "GET /content/landing.html HTTP/1.1" 200 388
::1 - - [24/Jul/2014:09:15:58 +0800] "GET /fonts/open-iconic.ttf HTTP/1.1" 200 28028
::1 - - [24/Jul/2014:09:15:58 +0800] "GET /cgi-bin/readSettings.py HTTP/1.1" 200 140
::1 - - [24/Jul/2014:09:16:00 +0800] "GET /content/settings.html HTTP/1.1" 200 4116
::1 - - [24/Jul/2014:09:16:00 +0800] "GET /cgi-bin/readSettings.py HTTP/1.1" 200 140
::1 - - [24/Jul/2014:09:16:09 +0800] "POST /cgi-bin/writeSettings.py HTTP/1.1" 200 75
::1 - - [24/Jul/2014:09:16:09 +0800] "GET / HTTP/1.1" 200 2004
::1 - - [24/Jul/2014:09:16:09 +0800] "GET /css/style.css HTTP/1.1" 200 4355
::1 - - [24/Jul/2014:09:16:09 +0800] "GET /fonts/open-iconic.css HTTP/1.1" 200 14367
::1 - - [24/Jul/2014:09:16:09 +0800] "GET /js/pushy.js HTTP/1.1" 200 2490
::1 - - [24/Jul/2014:09:16:09 +0800] "GET /css/normalize.css HTTP/1.1" 200 10086
::1 - - [24/Jul/2014:09:16:09 +0800] "GET /js/menu.js HTTP/1.1" 200 508
::1 - - [24/Jul/2014:09:16:09 +0800] "GET /js/settings.js HTTP/1.1" 200 3816
::1 - - [24/Jul/2014:09:16:09 +0800] "GET /js/vendor/modernizr.custom.71422.js HTTP/1.1" 200 9096
::1 - - [24/Jul/2014:09:16:10 +0800] "GET /content/landing.html HTTP/1.1" 200 388
::1 - - [24/Jul/2014:09:16:10 +0800] "GET /fonts/open-iconic.woff HTTP/1.1" 404 220
::1 - - [24/Jul/2014:09:16:10 +0800] "GET /cgi-bin/readSettings.py HTTP/1.1" 200 140
::1 - - [24/Jul/2014:09:16:10 +0800] "GET /fonts/open-iconic.ttf HTTP/1.1" 200 28028
::1 - - [24/Jul/2014:09:18:16 +0800] "GET / HTTP/1.1" 200 2004
::1 - - [24/Jul/2014:09:18:16 +0800] "GET /css/style.css HTTP/1.1" 200 4355
::1 - - [24/Jul/2014:09:18:16 +0800] "GET /css/normalize.css HTTP/1.1" 200 10086
::1 - - [24/Jul/2014:09:18:16 +0800] "GET /fonts/open-iconic.css HTTP/1.1" 200 14367
::1 - - [24/Jul/2014:09:18:16 +0800] "GET /js/pushy.js HTTP/1.1" 200 2490
::1 - - [24/Jul/2014:09:18:16 +0800] "GET /js/menu.js HTTP/1.1" 200 508
::1 - - [24/Jul/2014:09:18:16 +0800] "GET /js/settings.js HTTP/1.1" 200 3816
::1 - - [24/Jul/2014:09:18:16 +0800] "GET /js/vendor/modernizr.custom.71422.js HTTP/1.1" 200 9096
::1 - - [24/Jul/2014:09:18:17 +0800] "GET /fonts/open-iconic.woff HTTP/1.1" 404 220
::1 - - [24/Jul/2014:09:18:17 +0800] "GET /content/landing.html HTTP/1.1" 200 388
::1 - - [24/Jul/2014:09:18:17 +0800] "GET /cgi-bin/readSettings.py HTTP/1.1" 200 140
::1 - - [24/Jul/2014:09:18:17 +0800] "GET /fonts/open-iconic.ttf HTTP/1.1" 200 28028
::1 - - [24/Jul/2014:09:18:17 +0800] "GET /js/vendor/modernizr.custom.71422.js HTTP/1.1" 304 -
::1 - - [24/Jul/2014:09:18:17 +0800] "GET /css/normalize.css HTTP/1.1" 304 -
::1 - - [24/Jul/2014:09:18:17 +0800] "GET /css/style.css HTTP/1.1" 304 -
::1 - - [24/Jul/2014:09:18:18 +0800] "GET /link2/ HTTP/1.1" 200 5693
::1 - - [24/Jul/2014:09:18:19 +0800] "GET /link2/static/stylesheets/rateit/rateit.css HTTP/1.1" 200 414
::1 - - [24/Jul/2014:09:18:19 +0800] "GET /link2/static/stylesheets/colorschemes/gold/gold.css?0.7.17 HTTP/1.1" 200 10186
::1 - - [24/Jul/2014:09:18:19 +0800] "GET /link2/static/javascripts/plush.js?0.7.17 HTTP/1.1" 200 9996
::1 - - [24/Jul/2014:09:18:19 +0800] "GET /link2/static/javascripts/lib.js?0.7.17 HTTP/1.1" 200 66258
::1 - - [24/Jul/2014:09:18:19 +0800] "GET /link2/static/stylesheets/jqueryui/overcast/jquery-ui-1.8.15.custom.css?0.7.17 HTTP/1.1" 200 4747
::1 - - [24/Jul/2014:09:18:19 +0800] "GET /link2/static/stylesheets/colorschemes/gold/images/sprite-tiley.png HTTP/1.1" 200 216
::1 - - [24/Jul/2014:09:18:19 +0800] "GET /link2/static/stylesheets/colorschemes/gold/images/loading-bar.gif HTTP/1.1" 200 3951
::1 - - [24/Jul/2014:09:18:19 +0800] "GET /link2/static/stylesheets/colorschemes/gold/images/sprite-tilex.png HTTP/1.1" 200 610
::1 - - [24/Jul/2014:09:18:19 +0800] "GET /link2/static/stylesheets/colorschemes/gold/images/sprite-main.png HTTP/1.1" 200 30998
::1 - - [24/Jul/2014:09:18:19 +0800] "GET /link2/static/stylesheets/colorschemes/gold/images/colorbox-border.png HTTP/1.1" 200 112
::1 - - [24/Jul/2014:09:18:19 +0800] "GET /link2/static/stylesheets/colorschemes/gold/images/colorbox-controls.png HTTP/1.1" 200 1249
::1 - - [24/Jul/2014:09:18:19 +0800] "GET /link2/static/stylesheets/colorschemes/gold/images/nav/addnzb-grey.png HTTP/1.1" 200 1323
::1 - - [24/Jul/2014:09:18:19 +0800] "GET /link2/static/stylesheets/colorschemes/gold/images/nav/refresh-grey.png HTTP/1.1" 200 1700
::1 - - [24/Jul/2014:09:18:19 +0800] "GET /link2/static/stylesheets/colorschemes/gold/images/nav/options.png HTTP/1.1" 200 1027
::1 - - [24/Jul/2014:09:18:19 +0800] "GET /link2/static/stylesheets/colorschemes/gold/images/nav/downloads.png HTTP/1.1" 200 698
::1 - - [24/Jul/2014:09:18:19 +0800] "GET /link2/static/stylesheets/colorschemes/gold/images/nav/connections-grey.png HTTP/1.1" 200 1742
::1 - - [24/Jul/2014:09:18:19 +0800] "GET /link2/static/stylesheets/colorschemes/gold/images/nav/help-grey.png HTTP/1.1" 200 3606
::1 - - [24/Jul/2014:09:18:19 +0800] "POST /link2/queue/ HTTP/1.1" 200 507
::1 - - [24/Jul/2014:09:18:19 +0800] "GET /link2/static/stylesheets/colorschemes/gold/images/nav/rss-grey.png HTTP/1.1" 200 1513
::1 - - [24/Jul/2014:09:18:19 +0800] "GET /link2/static/stylesheets/colorschemes/gold/images/nav/config.png HTTP/1.1" 200 980
::1 - - [24/Jul/2014:09:18:19 +0800] "GET /link2/static/stylesheets/jqueryui/overcast/images/ui-bg_glass_60_eeeeee_1x400.png HTTP/1.1" 200 110
::1 - - [24/Jul/2014:09:18:19 +0800] "POST /link2/history/ HTTP/1.1" 200 6539
::1 - - [24/Jul/2014:09:18:21 +0800] "GET /link1/ HTTP/1.1" 303 97
::1 - - [24/Jul/2014:09:18:21 +0800] "GET /link1//home/ HTTP/1.1" 502 415
::1 - - [24/Jul/2014:09:18:43 +0800] "GET / HTTP/1.1" 200 2004
::1 - - [24/Jul/2014:09:18:43 +0800] "GET /css/style.css HTTP/1.1" 200 4355
::1 - - [24/Jul/2014:09:18:43 +0800] "GET /js/menu.js HTTP/1.1" 200 508
::1 - - [24/Jul/2014:09:18:43 +0800] "GET /js/settings.js HTTP/1.1" 200 3816
::1 - - [24/Jul/2014:09:18:43 +0800] "GET /js/pushy.js HTTP/1.1" 200 2490
::1 - - [24/Jul/2014:09:18:43 +0800] "GET /fonts/open-iconic.css HTTP/1.1" 200 14367
::1 - - [24/Jul/2014:09:18:43 +0800] "GET /css/normalize.css HTTP/1.1" 200 10086
::1 - - [24/Jul/2014:09:18:43 +0800] "GET /js/vendor/modernizr.custom.71422.js HTTP/1.1" 200 9096
::1 - - [24/Jul/2014:09:18:43 +0800] "GET /fonts/open-iconic.woff HTTP/1.1" 404 220
::1 - - [24/Jul/2014:09:18:43 +0800] "GET /content/landing.html HTTP/1.1" 200 388
::1 - - [24/Jul/2014:09:18:43 +0800] "GET /cgi-bin/readSettings.py HTTP/1.1" 200 140
::1 - - [24/Jul/2014:09:18:43 +0800] "GET /js/vendor/modernizr.custom.71422.js HTTP/1.1" 304 -
::1 - - [24/Jul/2014:09:18:43 +0800] "GET /css/style.css HTTP/1.1" 304 -
::1 - - [24/Jul/2014:09:18:43 +0800] "GET /css/normalize.css HTTP/1.1" 304 -
::1 - - [24/Jul/2014:09:18:43 +0800] "GET /fonts/open-iconic.ttf HTTP/1.1" 200 28028
::1 - - [24/Jul/2014:09:18:45 +0800] "GET /link1/ HTTP/1.1" 303 97
::1 - - [24/Jul/2014:09:18:45 +0800] "GET /link1//home/ HTTP/1.1" 502 415
::1 - - [24/Jul/2014:09:20:08 +0800] "GET / HTTP/1.1" 200 2004
::1 - - [24/Jul/2014:09:20:08 +0800] "GET /css/style.css HTTP/1.1" 200 4355
::1 - - [24/Jul/2014:09:20:08 +0800] "GET /js/menu.js HTTP/1.1" 200 508
::1 - - [24/Jul/2014:09:20:08 +0800] "GET /js/settings.js HTTP/1.1" 200 3816
::1 - - [24/Jul/2014:09:20:08 +0800] "GET /css/normalize.css HTTP/1.1" 200 10086
::1 - - [24/Jul/2014:09:20:08 +0800] "GET /fonts/open-iconic.css HTTP/1.1" 200 14367
::1 - - [24/Jul/2014:09:20:08 +0800] "GET /js/pushy.js HTTP/1.1" 200 2490
::1 - - [24/Jul/2014:09:20:08 +0800] "GET /js/vendor/modernizr.custom.71422.js HTTP/1.1" 200 9096
::1 - - [24/Jul/2014:09:20:09 +0800] "GET /fonts/open-iconic.woff HTTP/1.1" 404 220
::1 - - [24/Jul/2014:09:20:09 +0800] "GET /content/landing.html HTTP/1.1" 200 388
::1 - - [24/Jul/2014:09:20:09 +0800] "GET /cgi-bin/readSettings.py HTTP/1.1" 200 140
::1 - - [24/Jul/2014:09:20:09 +0800] "GET /js/vendor/modernizr.custom.71422.js HTTP/1.1" 304 -
::1 - - [24/Jul/2014:09:20:09 +0800] "GET /css/style.css HTTP/1.1" 304 -
::1 - - [24/Jul/2014:09:20:09 +0800] "GET /css/normalize.css HTTP/1.1" 304 -
::1 - - [24/Jul/2014:09:20:09 +0800] "GET /fonts/open-iconic.ttf HTTP/1.1" 200 28028
::1 - - [24/Jul/2014:09:20:11 +0800] "GET /link1/ HTTP/1.1" 303 97
::1 - - [24/Jul/2014:09:20:11 +0800] "GET /link1/home/ HTTP/1.1" 200 8984
::1 - - [24/Jul/2014:09:20:11 +0800] "GET /css/lib/jquery.pnotify.default.css?3612 HTTP/1.1" 404 232
::1 - - [24/Jul/2014:09:20:11 +0800] "GET /js/lib/bootstrap.min.js?3612 HTTP/1.1" 404 221
::1 - - [24/Jul/2014:09:20:11 +0800] "GET /js/lib/jquery-ui-1.10.4.custom.min.js?3612 HTTP/1.1" 404 235
::1 - - [24/Jul/2014:09:20:11 +0800] "GET /js/lib/jquery-1.7.2.min.js?3612 HTTP/1.1" 404 224
::1 - - [24/Jul/2014:09:20:11 +0800] "GET /css/lib/bootstrap.css?3612 HTTP/1.1" 404 219
::1 - - [24/Jul/2014:09:20:11 +0800] "GET /css/style.css?3612 HTTP/1.1" 200 4355
::1 - - [24/Jul/2014:09:20:11 +0800] "GET /js/lib/jquery.cookie.js?3612 HTTP/1.1" 404 221
::1 - - [24/Jul/2014:09:20:11 +0800] "GET /css/lib/jquery-ui-1.10.4.custom.css?3612 HTTP/1.1" 404 233
::1 - - [24/Jul/2014:09:20:11 +0800] "GET /css/lib/jquery.qtip.css?3612 HTTP/1.1" 404 221
::1 - - [24/Jul/2014:09:20:11 +0800] "GET /js/lib/jquery.tablesorter-2.16.3.min.js?3612 HTTP/1.1" 404 237
::1 - - [24/Jul/2014:09:20:11 +0800] "GET /js/lib/jquery.selectboxes.min.js?3612 HTTP/1.1" 404 230
::1 - - [24/Jul/2014:09:20:11 +0800] "GET /js/lib/jquery.tablesorter.widgets-2.16.3.min.js?3612 HTTP/1.1" 404 245
::1 - - [24/Jul/2014:09:20:11 +0800] "GET /js/lib/jquery.pnotify-1.2.2.min.js?3612 HTTP/1.1" 404 232
::1 - - [24/Jul/2014:09:20:11 +0800] "GET /js/lib/jquery.qtip-2012-04-26.min.js?3612 HTTP/1.1" 404 234
::1 - - [24/Jul/2014:09:20:11 +0800] "GET /js/lib/jquery.form-3.50.js?3612 HTTP/1.1" 404 224
::1 - - [24/Jul/2014:09:20:11 +0800] "GET /js/lib/jquery.scrolltopcontrol-1.1.js?3612 HTTP/1.1" 404 235
::1 - - [24/Jul/2014:09:20:11 +0800] "GET /js/browser.js?3612 HTTP/1.1" 404 211
::1 - - [24/Jul/2014:09:20:11 +0800] "GET /js/ajaxNotifications.js?3612 HTTP/1.1" 404 221
::1 - - [24/Jul/2014:09:20:11 +0800] "GET /images/menu/system18.png HTTP/1.1" 404 222
::1 - - [24/Jul/2014:09:20:11 +0800] "GET /images/yes16.png HTTP/1.1" 404 214
::1 - - [24/Jul/2014:09:20:11 +0800] "GET /images/sickbeard.png HTTP/1.1" 404 218
::1 - - [24/Jul/2014:09:20:11 +0800] "GET /images/no16.png HTTP/1.1" 404 213
::1 - - [24/Jul/2014:09:20:11 +0800] "GET /images/paypal/btn_donate_LG.gif HTTP/1.1" 404 229
::1 - - [24/Jul/2014:09:20:11 +0800] "GET /images/glyphicons-halflings.png HTTP/1.1" 404 229
::1 - - [24/Jul/2014:09:20:11 +0800] "GET /images/bg.png HTTP/1.1" 404 211
::1 - - [24/Jul/2014:09:20:13 +0800] "GET /images/glyphicons-halflings-white.png HTTP/1.1" 404 235
::1 - - [24/Jul/2014:09:20:20 +0800] "GET /manage/manageSearches/forceVersionCheck HTTP/1.1" 404 237
::1 - - [24/Jul/2014:09:20:21 +0800] "GET /link1/home/ HTTP/1.1" 200 8984
::1 - - [24/Jul/2014:09:20:22 +0800] "GET /css/lib/jquery.pnotify.default.css?3612 HTTP/1.1" 404 232
::1 - - [24/Jul/2014:09:20:22 +0800] "GET /css/lib/jquery-ui-1.10.4.custom.css?3612 HTTP/1.1" 404 233
::1 - - [24/Jul/2014:09:20:22 +0800] "GET /js/lib/jquery-ui-1.10.4.custom.min.js?3612 HTTP/1.1" 404 235
::1 - - [24/Jul/2014:09:20:22 +0800] "GET /css/lib/bootstrap.css?3612 HTTP/1.1" 404 219
::1 - - [24/Jul/2014:09:20:22 +0800] "GET /js/lib/jquery.tablesorter-2.16.3.min.js?3612 HTTP/1.1" 404 237
::1 - - [24/Jul/2014:09:20:22 +0800] "GET /js/lib/bootstrap.min.js?3612 HTTP/1.1" 404 221
::1 - - [24/Jul/2014:09:20:22 +0800] "GET /css/lib/jquery.qtip.css?3612 HTTP/1.1" 404 221
::1 - - [24/Jul/2014:09:20:22 +0800] "GET /js/lib/jquery-1.7.2.min.js?3612 HTTP/1.1" 404 224
::1 - - [24/Jul/2014:09:20:22 +0800] "GET /js/lib/jquery.cookie.js?3612 HTTP/1.1" 404 221
::1 - - [24/Jul/2014:09:20:22 +0800] "GET /js/lib/jquery.qtip-2012-04-26.min.js?3612 HTTP/1.1" 404 234
::1 - - [24/Jul/2014:09:20:22 +0800] "GET /js/lib/jquery.tablesorter.widgets-2.16.3.min.js?3612 HTTP/1.1" 404 245
::1 - - [24/Jul/2014:09:20:22 +0800] "GET /js/lib/jquery.pnotify-1.2.2.min.js?3612 HTTP/1.1" 404 232
::1 - - [24/Jul/2014:09:20:22 +0800] "GET /js/browser.js?3612 HTTP/1.1" 404 211
::1 - - [24/Jul/2014:09:20:22 +0800] "GET /js/lib/jquery.selectboxes.min.js?3612 HTTP/1.1" 404 230
::1 - - [24/Jul/2014:09:20:22 +0800] "GET /js/lib/jquery.form-3.50.js?3612 HTTP/1.1" 404 224
::1 - - [24/Jul/2014:09:20:22 +0800] "GET /js/ajaxNotifications.js?3612 HTTP/1.1" 404 221
::1 - - [24/Jul/2014:09:20:22 +0800] "GET /js/lib/jquery.scrolltopcontrol-1.1.js?3612 HTTP/1.1" 404 235
::1 - - [24/Jul/2014:09:20:22 +0800] "GET /images/sickbeard.png HTTP/1.1" 404 218
::1 - - [24/Jul/2014:09:20:22 +0800] "GET /images/paypal/btn_donate_LG.gif HTTP/1.1" 404 229
::1 - - [24/Jul/2014:09:20:22 +0800] "GET /images/menu/system18.png HTTP/1.1" 404 222
::1 - - [24/Jul/2014:09:20:22 +0800] "GET /images/no16.png HTTP/1.1" 404 213
::1 - - [24/Jul/2014:09:20:22 +0800] "GET /images/yes16.png HTTP/1.1" 404 214
::1 - - [24/Jul/2014:09:20:22 +0800] "GET /images/glyphicons-halflings.png HTTP/1.1" 404 229
::1 - - [24/Jul/2014:09:20:22 +0800] "GET /images/bg.png HTTP/1.1" 404 211
::1 - - [24/Jul/2014:09:20:52 +0800] "GET /link1/ HTTP/1.1" 303 97
::1 - - [24/Jul/2014:09:20:52 +0800] "GET /link1/home/ HTTP/1.1" 200 8984
::1 - - [24/Jul/2014:09:20:53 +0800] "GET /css/lib/bootstrap.css?3612 HTTP/1.1" 404 219
::1 - - [24/Jul/2014:09:20:53 +0800] "GET /js/lib/bootstrap.min.js?3612 HTTP/1.1" 404 221
::1 - - [24/Jul/2014:09:20:53 +0800] "GET /js/lib/jquery.cookie.js?3612 HTTP/1.1" 404 221
::1 - - [24/Jul/2014:09:20:53 +0800] "GET /css/lib/jquery-ui-1.10.4.custom.css?3612 HTTP/1.1" 404 233
::1 - - [24/Jul/2014:09:20:53 +0800] "GET /css/lib/jquery.qtip.css?3612 HTTP/1.1" 404 221
::1 - - [24/Jul/2014:09:20:53 +0800] "GET /js/lib/jquery.selectboxes.min.js?3612 HTTP/1.1" 404 230
::1 - - [24/Jul/2014:09:20:53 +0800] "GET /css/lib/jquery.pnotify.default.css?3612 HTTP/1.1" 404 232
::1 - - [24/Jul/2014:09:20:53 +0800] "GET /js/lib/jquery.tablesorter-2.16.3.min.js?3612 HTTP/1.1" 404 237
::1 - - [24/Jul/2014:09:20:53 +0800] "GET /js/lib/jquery-1.7.2.min.js?3612 HTTP/1.1" 404 224
::1 - - [24/Jul/2014:09:20:53 +0800] "GET /js/lib/jquery.tablesorter.widgets-2.16.3.min.js?3612 HTTP/1.1" 404 245
::1 - - [24/Jul/2014:09:20:53 +0800] "GET /js/lib/jquery-ui-1.10.4.custom.min.js?3612 HTTP/1.1" 404 235
::1 - - [24/Jul/2014:09:20:53 +0800] "GET /js/lib/jquery.pnotify-1.2.2.min.js?3612 HTTP/1.1" 404 232
::1 - - [24/Jul/2014:09:20:53 +0800] "GET /js/lib/jquery.scrolltopcontrol-1.1.js?3612 HTTP/1.1" 404 235
::1 - - [24/Jul/2014:09:20:53 +0800] "GET /js/lib/jquery.form-3.50.js?3612 HTTP/1.1" 404 224
::1 - - [24/Jul/2014:09:20:53 +0800] "GET /js/lib/jquery.qtip-2012-04-26.min.js?3612 HTTP/1.1" 404 234
::1 - - [24/Jul/2014:09:20:53 +0800] "GET /js/ajaxNotifications.js?3612 HTTP/1.1" 404 221
::1 - - [24/Jul/2014:09:20:53 +0800] "GET /js/browser.js?3612 HTTP/1.1" 404 211
::1 - - [24/Jul/2014:09:20:53 +0800] "GET /images/paypal/btn_donate_LG.gif HTTP/1.1" 404 229
::1 - - [24/Jul/2014:09:20:53 +0800] "GET /images/sickbeard.png HTTP/1.1" 404 218
::1 - - [24/Jul/2014:09:20:53 +0800] "GET /images/yes16.png HTTP/1.1" 404 214
::1 - - [24/Jul/2014:09:20:53 +0800] "GET /images/menu/system18.png HTTP/1.1" 404 222
::1 - - [24/Jul/2014:09:20:53 +0800] "GET /images/no16.png HTTP/1.1" 404 213
::1 - - [24/Jul/2014:09:20:53 +0800] "GET /images/glyphicons-halflings.png HTTP/1.1" 404 229
::1 - - [24/Jul/2014:09:20:53 +0800] "GET /images/bg.png HTTP/1.1" 404 211
::1 - - [24/Jul/2014:09:20:55 +0800] "GET /images/glyphicons-halflings-white.png HTTP/1.1" 404 235
::1 - - [24/Jul/2014:09:24:41 +0800] "GET /link1/ HTTP/1.1" 303 97
::1 - - [24/Jul/2014:09:24:41 +0800] "GET /link1/home/ HTTP/1.1" 200 8984
::1 - - [24/Jul/2014:09:24:42 +0800] "GET /css/lib/bootstrap.css?3612 HTTP/1.1" 404 219
::1 - - [24/Jul/2014:09:24:42 +0800] "GET /js/lib/jquery-ui-1.10.4.custom.min.js?3612 HTTP/1.1" 404 235
::1 - - [24/Jul/2014:09:24:42 +0800] "GET /js/lib/bootstrap.min.js?3612 HTTP/1.1" 404 221
::1 - - [24/Jul/2014:09:24:42 +0800] "GET /css/lib/jquery-ui-1.10.4.custom.css?3612 HTTP/1.1" 404 233
::1 - - [24/Jul/2014:09:24:42 +0800] "GET /js/lib/jquery-1.7.2.min.js?3612 HTTP/1.1" 404 224
::1 - - [24/Jul/2014:09:24:42 +0800] "GET /js/lib/jquery.cookie.js?3612 HTTP/1.1" 404 221
::1 - - [24/Jul/2014:09:24:42 +0800] "GET /css/lib/jquery.pnotify.default.css?3612 HTTP/1.1" 404 232
::1 - - [24/Jul/2014:09:24:42 +0800] "GET /js/lib/jquery.selectboxes.min.js?3612 HTTP/1.1" 404 230
::1 - - [24/Jul/2014:09:24:42 +0800] "GET /css/lib/jquery.qtip.css?3612 HTTP/1.1" 404 221
::1 - - [24/Jul/2014:09:24:42 +0800] "GET /js/lib/jquery.tablesorter-2.16.3.min.js?3612 HTTP/1.1" 404 237
::1 - - [24/Jul/2014:09:24:42 +0800] "GET /js/lib/jquery.scrolltopcontrol-1.1.js?3612 HTTP/1.1" 404 235
::1 - - [24/Jul/2014:09:24:42 +0800] "GET /js/lib/jquery.tablesorter.widgets-2.16.3.min.js?3612 HTTP/1.1" 404 245
::1 - - [24/Jul/2014:09:24:42 +0800] "GET /js/lib/jquery.form-3.50.js?3612 HTTP/1.1" 404 224
::1 - - [24/Jul/2014:09:24:42 +0800] "GET /js/lib/jquery.pnotify-1.2.2.min.js?3612 HTTP/1.1" 404 232
::1 - - [24/Jul/2014:09:24:42 +0800] "GET /js/lib/jquery.qtip-2012-04-26.min.js?3612 HTTP/1.1" 404 234
::1 - - [24/Jul/2014:09:24:42 +0800] "GET /js/browser.js?3612 HTTP/1.1" 404 211
::1 - - [24/Jul/2014:09:24:42 +0800] "GET /js/ajaxNotifications.js?3612 HTTP/1.1" 404 221
::1 - - [24/Jul/2014:09:24:42 +0800] "GET /images/sickbeard.png HTTP/1.1" 404 218
::1 - - [24/Jul/2014:09:24:42 +0800] "GET /images/menu/system18.png HTTP/1.1" 404 222
::1 - - [24/Jul/2014:09:24:42 +0800] "GET /images/no16.png HTTP/1.1" 404 213
::1 - - [24/Jul/2014:09:24:42 +0800] "GET /images/paypal/btn_donate_LG.gif HTTP/1.1" 404 229
::1 - - [24/Jul/2014:09:24:42 +0800] "GET /images/yes16.png HTTP/1.1" 404 214
::1 - - [24/Jul/2014:09:24:42 +0800] "GET /images/glyphicons-halflings.png HTTP/1.1" 404 229
::1 - - [24/Jul/2014:09:24:42 +0800] "GET /images/bg.png HTTP/1.1" 404 211
::1 - - [24/Jul/2014:09:24:43 +0800] "GET / HTTP/1.1" 200 2004
::1 - - [24/Jul/2014:09:24:43 +0800] "GET /css/normalize.css HTTP/1.1" 200 10086
::1 - - [24/Jul/2014:09:24:43 +0800] "GET /js/settings.js HTTP/1.1" 200 3816
::1 - - [24/Jul/2014:09:24:43 +0800] "GET /css/style.css HTTP/1.1" 200 4355
::1 - - [24/Jul/2014:09:24:43 +0800] "GET /js/pushy.js HTTP/1.1" 200 2490
::1 - - [24/Jul/2014:09:24:43 +0800] "GET /js/menu.js HTTP/1.1" 200 508
::1 - - [24/Jul/2014:09:24:43 +0800] "GET /fonts/open-iconic.css HTTP/1.1" 200 14367
::1 - - [24/Jul/2014:09:24:43 +0800] "GET /js/vendor/modernizr.custom.71422.js HTTP/1.1" 200 9096
::1 - - [24/Jul/2014:09:24:44 +0800] "GET /fonts/open-iconic.woff HTTP/1.1" 404 220
::1 - - [24/Jul/2014:09:24:44 +0800] "GET /content/landing.html HTTP/1.1" 200 388
::1 - - [24/Jul/2014:09:24:44 +0800] "GET /fonts/open-iconic.ttf HTTP/1.1" 200 28028
::1 - - [24/Jul/2014:09:24:44 +0800] "GET /cgi-bin/readSettings.py HTTP/1.1" 200 140
::1 - - [24/Jul/2014:09:24:44 +0800] "GET /css/style.css HTTP/1.1" 304 -
::1 - - [24/Jul/2014:09:24:44 +0800] "GET /js/vendor/modernizr.custom.71422.js HTTP/1.1" 304 -
::1 - - [24/Jul/2014:09:24:44 +0800] "GET /css/normalize.css HTTP/1.1" 304 -
::1 - - [24/Jul/2014:09:24:45 +0800] "GET /link2/ HTTP/1.1" 200 5693
::1 - - [24/Jul/2014:09:24:45 +0800] "GET /link2/static/stylesheets/jqueryui/overcast/jquery-ui-1.8.15.custom.css?0.7.17 HTTP/1.1" 200 4747
::1 - - [24/Jul/2014:09:24:45 +0800] "GET /link2/static/stylesheets/rateit/rateit.css HTTP/1.1" 200 414
::1 - - [24/Jul/2014:09:24:45 +0800] "GET /link2/static/stylesheets/colorschemes/gold/gold.css?0.7.17 HTTP/1.1" 200 10186
::1 - - [24/Jul/2014:09:24:45 +0800] "GET /link2/static/javascripts/plush.js?0.7.17 HTTP/1.1" 200 9996
::1 - - [24/Jul/2014:09:24:45 +0800] "GET /link2/static/javascripts/lib.js?0.7.17 HTTP/1.1" 200 66258
::1 - - [24/Jul/2014:09:24:45 +0800] "GET /link2/static/stylesheets/colorschemes/gold/images/sprite-tiley.png HTTP/1.1" 200 216
::1 - - [24/Jul/2014:09:24:45 +0800] "GET /link2/static/stylesheets/colorschemes/gold/images/sprite-tilex.png HTTP/1.1" 200 610
::1 - - [24/Jul/2014:09:24:45 +0800] "GET /link2/static/stylesheets/colorschemes/gold/images/sprite-main.png HTTP/1.1" 200 30998
::1 - - [24/Jul/2014:09:24:45 +0800] "GET /link2/static/stylesheets/colorschemes/gold/images/loading-bar.gif HTTP/1.1" 200 3951
::1 - - [24/Jul/2014:09:24:45 +0800] "GET /link2/static/stylesheets/colorschemes/gold/images/colorbox-controls.png HTTP/1.1" 200 1249
::1 - - [24/Jul/2014:09:24:45 +0800] "GET /link2/static/stylesheets/colorschemes/gold/images/colorbox-border.png HTTP/1.1" 200 112
::1 - - [24/Jul/2014:09:24:46 +0800] "GET /link2/static/stylesheets/colorschemes/gold/images/nav/addnzb-grey.png HTTP/1.1" 200 1323
::1 - - [24/Jul/2014:09:24:46 +0800] "GET /link2/static/stylesheets/colorschemes/gold/images/nav/downloads.png HTTP/1.1" 200 698
::1 - - [24/Jul/2014:09:24:46 +0800] "GET /link2/static/stylesheets/colorschemes/gold/images/nav/refresh-grey.png HTTP/1.1" 200 1700
::1 - - [24/Jul/2014:09:24:46 +0800] "GET /link2/static/stylesheets/colorschemes/gold/images/nav/help-grey.png HTTP/1.1" 200 3606
::1 - - [24/Jul/2014:09:24:46 +0800] "GET /link2/static/stylesheets/colorschemes/gold/images/nav/connections-grey.png HTTP/1.1" 200 1742
::1 - - [24/Jul/2014:09:24:46 +0800] "GET /link2/static/stylesheets/colorschemes/gold/images/nav/options.png HTTP/1.1" 200 1027
::1 - - [24/Jul/2014:09:24:46 +0800] "GET /link2/static/stylesheets/colorschemes/gold/images/nav/rss-grey.png HTTP/1.1" 200 1513
::1 - - [24/Jul/2014:09:24:46 +0800] "POST /link2/queue/ HTTP/1.1" 200 507
::1 - - [24/Jul/2014:09:24:46 +0800] "GET /link2/static/stylesheets/colorschemes/gold/images/nav/config.png HTTP/1.1" 200 980
::1 - - [24/Jul/2014:09:24:46 +0800] "GET /link2/static/stylesheets/jqueryui/overcast/images/ui-bg_glass_60_eeeeee_1x400.png HTTP/1.1" 200 110
::1 - - [24/Jul/2014:09:24:46 +0800] "POST /link2/history/ HTTP/1.1" 200 6539
::1 - - [24/Jul/2014:09:24:47 +0800] "GET /link1/ HTTP/1.1" 303 97
::1 - - [24/Jul/2014:09:24:47 +0800] "GET /link1/home/ HTTP/1.1" 200 8984
::1 - - [24/Jul/2014:09:24:48 +0800] "GET /css/style.css?3612 HTTP/1.1" 200 4355
::1 - - [24/Jul/2014:09:24:48 +0800] "GET /css/lib/bootstrap.css?3612 HTTP/1.1" 404 219
::1 - - [24/Jul/2014:09:24:48 +0800] "GET /css/lib/jquery.pnotify.default.css?3612 HTTP/1.1" 404 232
::1 - - [24/Jul/2014:09:24:48 +0800] "GET /css/lib/jquery.qtip.css?3612 HTTP/1.1" 404 221
::1 - - [24/Jul/2014:09:24:48 +0800] "GET /css/lib/jquery-ui-1.10.4.custom.css?3612 HTTP/1.1" 404 233
::1 - - [24/Jul/2014:09:24:48 +0800] "GET /js/lib/jquery.selectboxes.min.js?3612 HTTP/1.1" 404 230
::1 - - [24/Jul/2014:09:24:48 +0800] "GET /js/lib/jquery-1.7.2.min.js?3612 HTTP/1.1" 404 224
::1 - - [24/Jul/2014:09:24:48 +0800] "GET /js/lib/jquery.tablesorter-2.16.3.min.js?3612 HTTP/1.1" 404 237
::1 - - [24/Jul/2014:09:24:48 +0800] "GET /js/lib/bootstrap.min.js?3612 HTTP/1.1" 404 221
::1 - - [24/Jul/2014:09:24:48 +0800] "GET /js/lib/jquery.tablesorter.widgets-2.16.3.min.js?3612 HTTP/1.1" 404 245
::1 - - [24/Jul/2014:09:24:48 +0800] "GET /js/lib/jquery-ui-1.10.4.custom.min.js?3612 HTTP/1.1" 404 235
::1 - - [24/Jul/2014:09:24:48 +0800] "GET /js/lib/jquery.cookie.js?3612 HTTP/1.1" 404 221
::1 - - [24/Jul/2014:09:24:48 +0800] "GET /js/lib/jquery.qtip-2012-04-26.min.js?3612 HTTP/1.1" 404 234
::1 - - [24/Jul/2014:09:24:48 +0800] "GET /js/lib/jquery.form-3.50.js?3612 HTTP/1.1" 404 224
::1 - - [24/Jul/2014:09:24:48 +0800] "GET /js/lib/jquery.pnotify-1.2.2.min.js?3612 HTTP/1.1" 404 232
::1 - - [24/Jul/2014:09:24:48 +0800] "GET /js/lib/jquery.scrolltopcontrol-1.1.js?3612 HTTP/1.1" 404 235
::1 - - [24/Jul/2014:09:24:48 +0800] "GET /images/sickbeard.png HTTP/1.1" 404 218
::1 - - [24/Jul/2014:09:24:48 +0800] "GET /js/ajaxNotifications.js?3612 HTTP/1.1" 404 221
::1 - - [24/Jul/2014:09:24:48 +0800] "GET /images/menu/system18.png HTTP/1.1" 404 222
::1 - - [24/Jul/2014:09:24:48 +0800] "GET /images/yes16.png HTTP/1.1" 404 214
::1 - - [24/Jul/2014:09:24:48 +0800] "GET /images/no16.png HTTP/1.1" 404 213
::1 - - [24/Jul/2014:09:24:48 +0800] "GET /images/paypal/btn_donate_LG.gif HTTP/1.1" 404 229
::1 - - [24/Jul/2014:09:24:48 +0800] "GET /js/browser.js?3612 HTTP/1.1" 404 211
::1 - - [24/Jul/2014:09:24:48 +0800] "GET /images/sickbeard.png HTTP/1.1" 404 218
::1 - - [24/Jul/2014:09:24:48 +0800] "GET /images/paypal/btn_donate_LG.gif HTTP/1.1" 404 229
::1 - - [24/Jul/2014:09:24:48 +0800] "GET /images/menu/system18.png HTTP/1.1" 404 222
::1 - - [24/Jul/2014:09:24:48 +0800] "GET /images/yes16.png HTTP/1.1" 404 214
::1 - - [24/Jul/2014:09:24:48 +0800] "GET /images/no16.png HTTP/1.1" 404 213
::1 - - [24/Jul/2014:09:24:48 +0800] "GET /images/glyphicons-halflings.png HTTP/1.1" 404 229
::1 - - [24/Jul/2014:09:24:48 +0800] "GET /images/bg.png HTTP/1.1" 404 211
::1 - - [24/Jul/2014:09:27:30 +0800] "GET / HTTP/1.1" 200 2004
::1 - - [24/Jul/2014:09:27:30 +0800] "GET /css/style.css HTTP/1.1" 200 4355
::1 - - [24/Jul/2014:09:27:30 +0800] "GET /fonts/open-iconic.css HTTP/1.1" 200 14367
::1 - - [24/Jul/2014:09:27:30 +0800] "GET /js/menu.js HTTP/1.1" 200 508
::1 - - [24/Jul/2014:09:27:30 +0800] "GET /css/normalize.css HTTP/1.1" 200 10086
::1 - - [24/Jul/2014:09:27:30 +0800] "GET /js/pushy.js HTTP/1.1" 200 2490
::1 - - [24/Jul/2014:09:27:30 +0800] "GET /js/settings.js HTTP/1.1" 200 3816
::1 - - [24/Jul/2014:09:27:30 +0800] "GET /js/vendor/modernizr.custom.71422.js HTTP/1.1" 200 9096
::1 - - [24/Jul/2014:09:27:31 +0800] "GET /fonts/open-iconic.woff HTTP/1.1" 404 220
::1 - - [24/Jul/2014:09:27:31 +0800] "GET /content/landing.html HTTP/1.1" 200 388
::1 - - [24/Jul/2014:09:27:31 +0800] "GET /cgi-bin/readSettings.py HTTP/1.1" 200 140
::1 - - [24/Jul/2014:09:27:31 +0800] "GET /fonts/open-iconic.ttf HTTP/1.1" 200 28028
::1 - - [24/Jul/2014:09:27:31 +0800] "GET /js/vendor/modernizr.custom.71422.js HTTP/1.1" 304 -
::1 - - [24/Jul/2014:09:27:31 +0800] "GET /css/style.css HTTP/1.1" 304 -
::1 - - [24/Jul/2014:09:27:31 +0800] "GET /css/normalize.css HTTP/1.1" 304 -
::1 - - [24/Jul/2014:09:27:32 +0800] "GET /link1/ HTTP/1.1" 303 104
::1 - - [24/Jul/2014:09:27:33 +0800] "GET /link1/home/ HTTP/1.1" 200 93501
::1 - - [24/Jul/2014:09:27:33 +0800] "GET /css/lib/bootstrap.css?3612 HTTP/1.1" 404 219
::1 - - [24/Jul/2014:09:27:33 +0800] "GET /js/lib/bootstrap.min.js?3612 HTTP/1.1" 404 221
::1 - - [24/Jul/2014:09:27:33 +0800] "GET /js/lib/jquery-ui-1.10.4.custom.min.js?3612 HTTP/1.1" 404 235
::1 - - [24/Jul/2014:09:27:33 +0800] "GET /js/lib/jquery.cookie.js?3612 HTTP/1.1" 404 221
::1 - - [24/Jul/2014:09:27:33 +0800] "GET /css/lib/jquery-ui-1.10.4.custom.css?3612 HTTP/1.1" 404 233
::1 - - [24/Jul/2014:09:27:33 +0800] "GET /css/lib/jquery.pnotify.default.css?3612 HTTP/1.1" 404 232
::1 - - [24/Jul/2014:09:27:33 +0800] "GET /css/lib/jquery.qtip.css?3612 HTTP/1.1" 404 221
::1 - - [24/Jul/2014:09:27:33 +0800] "GET /css/style.css?3612 HTTP/1.1" 200 4355
::1 - - [24/Jul/2014:09:27:33 +0800] "GET /js/lib/jquery-1.7.2.min.js?3612 HTTP/1.1" 404 224
::1 - - [24/Jul/2014:09:27:33 +0800] "GET /js/lib/jquery.selectboxes.min.js?3612 HTTP/1.1" 404 230
::1 - - [24/Jul/2014:09:27:33 +0800] "GET /js/lib/jquery.tablesorter.widgets-2.16.3.min.js?3612 HTTP/1.1" 404 245
::1 - - [24/Jul/2014:09:27:33 +0800] "GET /js/lib/jquery.qtip-2012-04-26.min.js?3612 HTTP/1.1" 404 234
::1 - - [24/Jul/2014:09:27:33 +0800] "GET /js/lib/jquery.pnotify-1.2.2.min.js?3612 HTTP/1.1" 404 232
::1 - - [24/Jul/2014:09:27:33 +0800] "GET /js/lib/jquery.tablesorter-2.16.3.min.js?3612 HTTP/1.1" 404 237
::1 - - [24/Jul/2014:09:27:33 +0800] "GET /js/lib/jquery.scrolltopcontrol-1.1.js?3612 HTTP/1.1" 404 235
::1 - - [24/Jul/2014:09:27:33 +0800] "GET /js/browser.js?3612 HTTP/1.1" 404 211
::1 - - [24/Jul/2014:09:27:33 +0800] "GET /images/sickbeard.png HTTP/1.1" 404 218
::1 - - [24/Jul/2014:09:27:33 +0800] "GET /images/yes16.png HTTP/1.1" 404 214
::1 - - [24/Jul/2014:09:27:33 +0800] "GET /js/lib/jquery.form-3.50.js?3612 HTTP/1.1" 404 224
::1 - - [24/Jul/2014:09:27:33 +0800] "GET /js/ajaxNotifications.js?3612 HTTP/1.1" 404 221
::1 - - [24/Jul/2014:09:27:33 +0800] "GET /images/menu/system18.png HTTP/1.1" 404 222
::1 - - [24/Jul/2014:09:27:33 +0800] "GET /images/no16.png HTTP/1.1" 404 213
::1 - - [24/Jul/2014:09:27:33 +0800] "GET /images/paypal/btn_donate_LG.gif HTTP/1.1" 404 229
::1 - - [24/Jul/2014:09:27:33 +0800] "GET /images/sickbeard.png HTTP/1.1" 404 218
::1 - - [24/Jul/2014:09:27:33 +0800] "GET /images/yes16.png HTTP/1.1" 404 214
::1 - - [24/Jul/2014:09:27:33 +0800] "GET /images/bg.png HTTP/1.1" 404 211
::1 - - [24/Jul/2014:09:27:33 +0800] "GET /images/glyphicons-halflings.png HTTP/1.1" 404 229
::1 - - [24/Jul/2014:09:29:22 +0800] "GET / HTTP/1.1" 200 2004
::1 - - [24/Jul/2014:09:29:22 +0800] "GET /css/normalize.css HTTP/1.1" 200 10086
::1 - - [24/Jul/2014:09:29:22 +0800] "GET /css/style.css HTTP/1.1" 200 4355
::1 - - [24/Jul/2014:09:29:22 +0800] "GET /fonts/open-iconic.css HTTP/1.1" 200 14367
::1 - - [24/Jul/2014:09:29:23 +0800] "GET /js/settings.js HTTP/1.1" 200 3816
::1 - - [24/Jul/2014:09:29:23 +0800] "GET /js/pushy.js HTTP/1.1" 200 2490
::1 - - [24/Jul/2014:09:29:23 +0800] "GET /js/menu.js HTTP/1.1" 200 508
::1 - - [24/Jul/2014:09:29:23 +0800] "GET /js/vendor/modernizr.custom.71422.js HTTP/1.1" 200 9096
::1 - - [24/Jul/2014:09:29:23 +0800] "GET /content/landing.html HTTP/1.1" 200 388
::1 - - [24/Jul/2014:09:29:23 +0800] "GET /fonts/open-iconic.woff HTTP/1.1" 404 220
::1 - - [24/Jul/2014:09:29:23 +0800] "GET /cgi-bin/readSettings.py HTTP/1.1" 200 140
::1 - - [24/Jul/2014:09:29:23 +0800] "GET /fonts/open-iconic.ttf HTTP/1.1" 200 28028
::1 - - [24/Jul/2014:09:29:23 +0800] "GET /css/normalize.css HTTP/1.1" 304 -
::1 - - [24/Jul/2014:09:29:23 +0800] "GET /js/vendor/modernizr.custom.71422.js HTTP/1.1" 304 -
::1 - - [24/Jul/2014:09:29:23 +0800] "GET /css/style.css HTTP/1.1" 304 -
::1 - - [24/Jul/2014:09:29:25 +0800] "GET /link1/ HTTP/1.1" 303 104
::1 - - [24/Jul/2014:09:29:25 +0800] "GET /link1/home/ HTTP/1.1" 200 93501
::1 - - [24/Jul/2014:09:29:25 +0800] "GET /css/lib/bootstrap.css?3612 HTTP/1.1" 404 219
::1 - - [24/Jul/2014:09:29:25 +0800] "GET /css/lib/jquery.qtip.css?3612 HTTP/1.1" 404 221
::1 - - [24/Jul/2014:09:29:25 +0800] "GET /css/style.css?3612 HTTP/1.1" 200 4355
::1 - - [24/Jul/2014:09:29:25 +0800] "GET /css/lib/jquery-ui-1.10.4.custom.css?3612 HTTP/1.1" 404 233
::1 - - [24/Jul/2014:09:29:25 +0800] "GET /js/lib/bootstrap.min.js?3612 HTTP/1.1" 404 221
::1 - - [24/Jul/2014:09:29:25 +0800] "GET /js/lib/jquery.cookie.js?3612 HTTP/1.1" 404 221
::1 - - [24/Jul/2014:09:29:25 +0800] "GET /js/lib/jquery-1.7.2.min.js?3612 HTTP/1.1" 404 224
::1 - - [24/Jul/2014:09:29:25 +0800] "GET /css/lib/jquery.pnotify.default.css?3612 HTTP/1.1" 404 232
::1 - - [24/Jul/2014:09:29:25 +0800] "GET /js/lib/jquery-ui-1.10.4.custom.min.js?3612 HTTP/1.1" 404 235
::1 - - [24/Jul/2014:09:29:25 +0800] "GET /js/lib/jquery.tablesorter.widgets-2.16.3.min.js?3612 HTTP/1.1" 404 245
::1 - - [24/Jul/2014:09:29:25 +0800] "GET /js/lib/jquery.selectboxes.min.js?3612 HTTP/1.1" 404 230
::1 - - [24/Jul/2014:09:29:25 +0800] "GET /js/lib/jquery.qtip-2012-04-26.min.js?3612 HTTP/1.1" 404 234
::1 - - [24/Jul/2014:09:29:25 +0800] "GET /js/lib/jquery.pnotify-1.2.2.min.js?3612 HTTP/1.1" 404 232
::1 - - [24/Jul/2014:09:29:25 +0800] "GET /js/lib/jquery.tablesorter-2.16.3.min.js?3612 HTTP/1.1" 404 237
::1 - - [24/Jul/2014:09:29:25 +0800] "GET /js/lib/jquery.form-3.50.js?3612 HTTP/1.1" 404 224
::1 - - [24/Jul/2014:09:29:25 +0800] "GET /js/ajaxNotifications.js?3612 HTTP/1.1" 404 221
::1 - - [24/Jul/2014:09:29:25 +0800] "GET /js/lib/jquery.scrolltopcontrol-1.1.js?3612 HTTP/1.1" 404 235
::1 - - [24/Jul/2014:09:29:25 +0800] "GET /js/browser.js?3612 HTTP/1.1" 404 211
::1 - - [24/Jul/2014:09:29:25 +0800] "GET /images/sickbeard.png HTTP/1.1" 404 218
::1 - - [24/Jul/2014:09:29:25 +0800] "GET /images/menu/system18.png HTTP/1.1" 404 222
::1 - - [24/Jul/2014:09:29:25 +0800] "GET /images/paypal/btn_donate_LG.gif HTTP/1.1" 404 229
::1 - - [24/Jul/2014:09:29:25 +0800] "GET /images/no16.png HTTP/1.1" 404 213
::1 - - [24/Jul/2014:09:29:25 +0800] "GET /images/yes16.png HTTP/1.1" 404 214
::1 - - [24/Jul/2014:09:29:25 +0800] "GET /images/glyphicons-halflings.png HTTP/1.1" 404 229
::1 - - [24/Jul/2014:09:29:25 +0800] "GET /images/bg.png HTTP/1.1" 404 211
::1 - - [24/Jul/2014:09:29:42 +0800] "GET /images/glyphicons-halflings-white.png HTTP/1.1" 404 235
::1 - - [24/Jul/2014:09:41:58 +0800] "GET / HTTP/1.1" 200 2004
::1 - - [24/Jul/2014:09:41:58 +0800] "GET /fonts/open-iconic.css HTTP/1.1" 200 14367
::1 - - [24/Jul/2014:09:41:58 +0800] "GET /js/menu.js HTTP/1.1" 200 508
::1 - - [24/Jul/2014:09:41:58 +0800] "GET /css/style.css HTTP/1.1" 200 4355
::1 - - [24/Jul/2014:09:41:58 +0800] "GET /js/settings.js HTTP/1.1" 200 3816
::1 - - [24/Jul/2014:09:41:58 +0800] "GET /css/normalize.css HTTP/1.1" 200 10086
::1 - - [24/Jul/2014:09:41:58 +0800] "GET /js/pushy.js HTTP/1.1" 200 2490
::1 - - [24/Jul/2014:09:41:58 +0800] "GET /js/vendor/modernizr.custom.71422.js HTTP/1.1" 200 9096
::1 - - [24/Jul/2014:09:41:59 +0800] "GET /fonts/open-iconic.woff HTTP/1.1" 404 220
::1 - - [24/Jul/2014:09:41:59 +0800] "GET /content/landing.html HTTP/1.1" 200 388
::1 - - [24/Jul/2014:09:41:59 +0800] "GET /fonts/open-iconic.ttf HTTP/1.1" 200 28028
::1 - - [24/Jul/2014:09:41:59 +0800] "GET /cgi-bin/readSettings.py HTTP/1.1" 200 140
::1 - - [24/Jul/2014:09:41:59 +0800] "GET /js/vendor/modernizr.custom.71422.js HTTP/1.1" 304 -
::1 - - [24/Jul/2014:09:41:59 +0800] "GET /css/normalize.css HTTP/1.1" 304 -
::1 - - [24/Jul/2014:09:41:59 +0800] "GET /css/style.css HTTP/1.1" 304 -
::1 - - [24/Jul/2014:09:42:00 +0800] "GET /link1/ HTTP/1.1" 301 108
::1 - - [24/Jul/2014:09:42:00 +0800] "GET /link1// HTTP/1.1" 301 108
::1 - - [24/Jul/2014:09:42:00 +0800] "GET /link1// HTTP/1.1" 301 108
::1 - - [24/Jul/2014:09:42:00 +0800] "GET /link1// HTTP/1.1" 301 108
::1 - - [24/Jul/2014:09:42:00 +0800] "GET /link1// HTTP/1.1" 301 108
::1 - - [24/Jul/2014:09:42:00 +0800] "GET /link1// HTTP/1.1" 301 108
::1 - - [24/Jul/2014:09:42:00 +0800] "GET /link1// HTTP/1.1" 301 108
::1 - - [24/Jul/2014:09:42:00 +0800] "GET /link1// HTTP/1.1" 301 108
::1 - - [24/Jul/2014:09:42:00 +0800] "GET /link1// HTTP/1.1" 301 108
::1 - - [24/Jul/2014:09:42:00 +0800] "GET /link1// HTTP/1.1" 301 108
::1 - - [24/Jul/2014:09:42:00 +0800] "GET /link1// HTTP/1.1" 301 108
::1 - - [24/Jul/2014:09:42:00 +0800] "GET /link1// HTTP/1.1" 301 108
::1 - - [24/Jul/2014:09:42:00 +0800] "GET /link1// HTTP/1.1" 301 108
::1 - - [24/Jul/2014:09:42:00 +0800] "GET /link1// HTTP/1.1" 301 108
::1 - - [24/Jul/2014:09:42:00 +0800] "GET /link1// HTTP/1.1" 301 108
::1 - - [24/Jul/2014:09:42:00 +0800] "GET /link1// HTTP/1.1" 301 108
::1 - - [24/Jul/2014:09:42:00 +0800] "GET /link1// HTTP/1.1" 301 108
::1 - - [24/Jul/2014:09:42:00 +0800] "GET /link1// HTTP/1.1" 301 108
::1 - - [24/Jul/2014:09:42:00 +0800] "GET /link1// HTTP/1.1" 301 108
::1 - - [24/Jul/2014:09:42:00 +0800] "GET /link1// HTTP/1.1" 301 108
::1 - - [24/Jul/2014:09:42:00 +0800] "GET /link1// HTTP/1.1" 301 108
::1 - - [24/Jul/2014:09:42:18 +0800] "GET /link1/ HTTP/1.1" 301 108
::1 - - [24/Jul/2014:09:42:18 +0800] "GET /link1// HTTP/1.1" 301 108
::1 - - [24/Jul/2014:09:42:18 +0800] "GET /link1// HTTP/1.1" 301 108
::1 - - [24/Jul/2014:09:42:18 +0800] "GET /link1// HTTP/1.1" 301 108
::1 - - [24/Jul/2014:09:42:18 +0800] "GET /link1// HTTP/1.1" 301 108
::1 - - [24/Jul/2014:09:42:18 +0800] "GET /link1// HTTP/1.1" 301 108
::1 - - [24/Jul/2014:09:42:18 +0800] "GET /link1// HTTP/1.1" 301 108
::1 - - [24/Jul/2014:09:42:18 +0800] "GET /link1// HTTP/1.1" 301 108
::1 - - [24/Jul/2014:09:42:18 +0800] "GET /link1// HTTP/1.1" 301 108
::1 - - [24/Jul/2014:09:42:18 +0800] "GET /link1// HTTP/1.1" 301 108
::1 - - [24/Jul/2014:09:42:18 +0800] "GET /link1// HTTP/1.1" 301 108
::1 - - [24/Jul/2014:09:42:18 +0800] "GET /link1// HTTP/1.1" 301 108
::1 - - [24/Jul/2014:09:42:18 +0800] "GET /link1// HTTP/1.1" 301 108
::1 - - [24/Jul/2014:09:42:18 +0800] "GET /link1// HTTP/1.1" 301 108
::1 - - [24/Jul/2014:09:42:18 +0800] "GET /link1// HTTP/1.1" 301 108
::1 - - [24/Jul/2014:09:42:18 +0800] "GET /link1// HTTP/1.1" 301 108
::1 - - [24/Jul/2014:09:42:18 +0800] "GET /link1// HTTP/1.1" 301 108
::1 - - [24/Jul/2014:09:42:18 +0800] "GET /link1// HTTP/1.1" 301 108
::1 - - [24/Jul/2014:09:42:18 +0800] "GET /link1// HTTP/1.1" 301 108
::1 - - [24/Jul/2014:09:42:18 +0800] "GET /link1// HTTP/1.1" 301 108
::1 - - [24/Jul/2014:09:42:18 +0800] "GET /link1// HTTP/1.1" 301 108
::1 - - [24/Jul/2014:09:42:21 +0800] "GET /link2/ HTTP/1.1" 200 5693
::1 - - [24/Jul/2014:09:42:21 +0800] "GET /link2/static/stylesheets/rateit/rateit.css HTTP/1.1" 200 414
::1 - - [24/Jul/2014:09:42:21 +0800] "GET /link2/static/stylesheets/colorschemes/gold/gold.css?0.7.17 HTTP/1.1" 200 10186
::1 - - [24/Jul/2014:09:42:21 +0800] "GET /link2/static/javascripts/plush.js?0.7.17 HTTP/1.1" 200 9996
::1 - - [24/Jul/2014:09:42:21 +0800] "GET /link2/static/javascripts/lib.js?0.7.17 HTTP/1.1" 200 66258
::1 - - [24/Jul/2014:09:42:21 +0800] "GET /link2/static/stylesheets/jqueryui/overcast/jquery-ui-1.8.15.custom.css?0.7.17 HTTP/1.1" 200 4747
::1 - - [24/Jul/2014:09:42:21 +0800] "GET /link2/static/stylesheets/colorschemes/gold/images/sprite-tiley.png HTTP/1.1" 200 216
::1 - - [24/Jul/2014:09:42:21 +0800] "GET /link2/static/stylesheets/colorschemes/gold/images/sprite-tilex.png HTTP/1.1" 200 610
::1 - - [24/Jul/2014:09:42:21 +0800] "GET /link2/static/stylesheets/colorschemes/gold/images/sprite-main.png HTTP/1.1" 200 30998
::1 - - [24/Jul/2014:09:42:21 +0800] "GET /link2/static/stylesheets/colorschemes/gold/images/loading-bar.gif HTTP/1.1" 200 3951
::1 - - [24/Jul/2014:09:42:21 +0800] "GET /link2/static/stylesheets/colorschemes/gold/images/colorbox-controls.png HTTP/1.1" 200 1249
::1 - - [24/Jul/2014:09:42:21 +0800] "GET /link2/static/stylesheets/colorschemes/gold/images/colorbox-border.png HTTP/1.1" 200 112
::1 - - [24/Jul/2014:09:42:21 +0800] "GET /link2/static/stylesheets/colorschemes/gold/images/nav/addnzb-grey.png HTTP/1.1" 200 1323
::1 - - [24/Jul/2014:09:42:21 +0800] "GET /link2/static/stylesheets/colorschemes/gold/images/nav/refresh-grey.png HTTP/1.1" 200 1700
::1 - - [24/Jul/2014:09:42:21 +0800] "GET /link2/static/stylesheets/colorschemes/gold/images/nav/options.png HTTP/1.1" 200 1027
::1 - - [24/Jul/2014:09:42:21 +0800] "GET /link2/static/stylesheets/colorschemes/gold/images/nav/connections-grey.png HTTP/1.1" 200 1742
::1 - - [24/Jul/2014:09:42:21 +0800] "GET /link2/static/stylesheets/colorschemes/gold/images/nav/downloads.png HTTP/1.1" 200 698
::1 - - [24/Jul/2014:09:42:21 +0800] "GET /link2/static/stylesheets/colorschemes/gold/images/nav/help-grey.png HTTP/1.1" 200 3606
::1 - - [24/Jul/2014:09:42:21 +0800] "GET /link2/static/stylesheets/colorschemes/gold/images/nav/rss-grey.png HTTP/1.1" 200 1513
::1 - - [24/Jul/2014:09:42:21 +0800] "GET /link2/static/stylesheets/colorschemes/gold/images/nav/config.png HTTP/1.1" 200 980
::1 - - [24/Jul/2014:09:42:21 +0800] "POST /link2/queue/ HTTP/1.1" 200 507
::1 - - [24/Jul/2014:09:42:21 +0800] "GET /link2/static/stylesheets/jqueryui/overcast/images/ui-bg_glass_60_eeeeee_1x400.png HTTP/1.1" 200 110
::1 - - [24/Jul/2014:09:42:21 +0800] "POST /link2/history/ HTTP/1.1" 200 6539
::1 - - [24/Jul/2014:09:42:23 +0800] "GET /link1/ HTTP/1.1" 301 108
::1 - - [24/Jul/2014:09:42:23 +0800] "GET /link1// HTTP/1.1" 301 108
::1 - - [24/Jul/2014:09:42:23 +0800] "GET /link1// HTTP/1.1" 301 108
::1 - - [24/Jul/2014:09:42:23 +0800] "GET /link1// HTTP/1.1" 301 108
::1 - - [24/Jul/2014:09:42:23 +0800] "GET /link1// HTTP/1.1" 301 108
::1 - - [24/Jul/2014:09:42:23 +0800] "GET /link1// HTTP/1.1" 301 108
::1 - - [24/Jul/2014:09:42:23 +0800] "GET /link1// HTTP/1.1" 301 108
::1 - - [24/Jul/2014:09:42:23 +0800] "GET /link1// HTTP/1.1" 301 108
::1 - - [24/Jul/2014:09:42:23 +0800] "GET /link1// HTTP/1.1" 301 108
::1 - - [24/Jul/2014:09:42:23 +0800] "GET /link1// HTTP/1.1" 301 108
::1 - - [24/Jul/2014:09:42:23 +0800] "GET /link1// HTTP/1.1" 301 108
::1 - - [24/Jul/2014:09:42:23 +0800] "GET /link1// HTTP/1.1" 301 108
::1 - - [24/Jul/2014:09:42:23 +0800] "GET /link1// HTTP/1.1" 301 108
::1 - - [24/Jul/2014:09:42:23 +0800] "GET /link1// HTTP/1.1" 301 108
::1 - - [24/Jul/2014:09:42:23 +0800] "GET /link1// HTTP/1.1" 301 108
::1 - - [24/Jul/2014:09:42:23 +0800] "GET /link1// HTTP/1.1" 301 108
::1 - - [24/Jul/2014:09:42:23 +0800] "GET /link1// HTTP/1.1" 301 108
::1 - - [24/Jul/2014:09:42:23 +0800] "GET /link1// HTTP/1.1" 301 108
::1 - - [24/Jul/2014:09:42:23 +0800] "GET /link1// HTTP/1.1" 301 108
::1 - - [24/Jul/2014:09:42:23 +0800] "GET /link1// HTTP/1.1" 301 108
::1 - - [24/Jul/2014:09:42:23 +0800] "GET /link1// HTTP/1.1" 301 108
::1 - - [24/Jul/2014:09:42:42 +0800] "GET /link2/ HTTP/1.1" 200 5693
::1 - - [24/Jul/2014:09:42:43 +0800] "POST /link2/queue/ HTTP/1.1" 200 507
::1 - - [24/Jul/2014:09:42:43 +0800] "GET /link2/static/stylesheets/colorschemes/gold/images/nav/rss.png HTTP/1.1" 200 764
::1 - - [24/Jul/2014:09:42:43 +0800] "POST /link2/history/ HTTP/1.1" 200 6539
::1 - - [24/Jul/2014:09:42:46 +0800] "GET /link1/ HTTP/1.1" 301 108
::1 - - [24/Jul/2014:09:42:46 +0800] "GET /link1// HTTP/1.1" 301 108
::1 - - [24/Jul/2014:09:42:46 +0800] "GET /link1// HTTP/1.1" 301 108
::1 - - [24/Jul/2014:09:42:46 +0800] "GET /link1// HTTP/1.1" 301 108
::1 - - [24/Jul/2014:09:42:46 +0800] "GET /link1// HTTP/1.1" 301 108
::1 - - [24/Jul/2014:09:42:46 +0800] "GET /link1// HTTP/1.1" 301 108
::1 - - [24/Jul/2014:09:42:46 +0800] "GET /link1// HTTP/1.1" 301 108
::1 - - [24/Jul/2014:09:42:46 +0800] "GET /link1// HTTP/1.1" 301 108
::1 - - [24/Jul/2014:09:42:46 +0800] "GET /link1// HTTP/1.1" 301 108
::1 - - [24/Jul/2014:09:42:46 +0800] "GET /link1// HTTP/1.1" 301 108
::1 - - [24/Jul/2014:09:42:46 +0800] "GET /link1// HTTP/1.1" 301 108
::1 - - [24/Jul/2014:09:42:46 +0800] "GET /link1// HTTP/1.1" 301 108
::1 - - [24/Jul/2014:09:42:46 +0800] "GET /link1// HTTP/1.1" 301 108
::1 - - [24/Jul/2014:09:42:46 +0800] "GET /link1// HTTP/1.1" 301 108
::1 - - [24/Jul/2014:09:42:46 +0800] "GET /link1// HTTP/1.1" 301 108
::1 - - [24/Jul/2014:09:42:46 +0800] "GET /link1// HTTP/1.1" 301 108
::1 - - [24/Jul/2014:09:42:46 +0800] "GET /link1// HTTP/1.1" 301 108
::1 - - [24/Jul/2014:09:42:46 +0800] "GET /link1// HTTP/1.1" 301 108
::1 - - [24/Jul/2014:09:42:46 +0800] "GET /link1// HTTP/1.1" 301 108
::1 - - [24/Jul/2014:09:42:46 +0800] "GET /link1// HTTP/1.1" 301 108
::1 - - [24/Jul/2014:09:42:46 +0800] "GET /link1// HTTP/1.1" 301 108
::1 - - [24/Jul/2014:09:43:22 +0800] "GET /link1/ HTTP/1.1" 301 108
::1 - - [24/Jul/2014:09:43:22 +0800] "GET /link1// HTTP/1.1" 301 108
::1 - - [24/Jul/2014:09:43:22 +0800] "GET /link1// HTTP/1.1" 301 108
::1 - - [24/Jul/2014:09:43:22 +0800] "GET /link1// HTTP/1.1" 301 108
::1 - - [24/Jul/2014:09:43:22 +0800] "GET /link1// HTTP/1.1" 301 108
::1 - - [24/Jul/2014:09:43:22 +0800] "GET /link1// HTTP/1.1" 301 108
::1 - - [24/Jul/2014:09:43:22 +0800] "GET /link1// HTTP/1.1" 301 108
::1 - - [24/Jul/2014:09:43:22 +0800] "GET /link1// HTTP/1.1" 301 108
::1 - - [24/Jul/2014:09:43:22 +0800] "GET /link1// HTTP/1.1" 301 108
::1 - - [24/Jul/2014:09:43:22 +0800] "GET /link1// HTTP/1.1" 301 108
::1 - - [24/Jul/2014:09:43:22 +0800] "GET /link1// HTTP/1.1" 301 108
::1 - - [24/Jul/2014:09:43:22 +0800] "GET /link1// HTTP/1.1" 301 108
::1 - - [24/Jul/2014:09:43:22 +0800] "GET /link1// HTTP/1.1" 301 108
::1 - - [24/Jul/2014:09:43:23 +0800] "GET /link1// HTTP/1.1" 301 108
::1 - - [24/Jul/2014:09:43:23 +0800] "GET /link1// HTTP/1.1" 301 108
::1 - - [24/Jul/2014:09:43:23 +0800] "GET /link1// HTTP/1.1" 301 108
::1 - - [24/Jul/2014:09:43:23 +0800] "GET /link1// HTTP/1.1" 301 108
::1 - - [24/Jul/2014:09:43:23 +0800] "GET /link1// HTTP/1.1" 301 108
::1 - - [24/Jul/2014:09:43:23 +0800] "GET /link1// HTTP/1.1" 301 108
::1 - - [24/Jul/2014:09:43:23 +0800] "GET /link1// HTTP/1.1" 301 108
::1 - - [24/Jul/2014:09:43:23 +0800] "GET /link1// HTTP/1.1" 301 108
::1 - - [24/Jul/2014:09:43:25 +0800] "GET /link2/ HTTP/1.1" 200 5693
::1 - - [24/Jul/2014:09:43:25 +0800] "POST /link2/queue/ HTTP/1.1" 200 507
::1 - - [24/Jul/2014:09:43:25 +0800] "POST /link2/history/ HTTP/1.1" 200 6539
::1 - - [24/Jul/2014:09:43:27 +0800] "GET /link1/ HTTP/1.1" 301 108
::1 - - [24/Jul/2014:09:43:27 +0800] "GET /link1// HTTP/1.1" 301 108
::1 - - [24/Jul/2014:09:43:27 +0800] "GET /link1// HTTP/1.1" 301 108
::1 - - [24/Jul/2014:09:43:27 +0800] "GET /link1// HTTP/1.1" 301 108
::1 - - [24/Jul/2014:09:43:27 +0800] "GET /link1// HTTP/1.1" 301 108
::1 - - [24/Jul/2014:09:43:27 +0800] "GET /link1// HTTP/1.1" 301 108
::1 - - [24/Jul/2014:09:43:27 +0800] "GET /link1// HTTP/1.1" 301 108
::1 - - [24/Jul/2014:09:43:27 +0800] "GET /link1// HTTP/1.1" 301 108
::1 - - [24/Jul/2014:09:43:27 +0800] "GET /link1// HTTP/1.1" 301 108
::1 - - [24/Jul/2014:09:43:27 +0800] "GET /link1// HTTP/1.1" 301 108
::1 - - [24/Jul/2014:09:43:27 +0800] "GET /link1// HTTP/1.1" 301 108
::1 - - [24/Jul/2014:09:43:27 +0800] "GET /link1// HTTP/1.1" 301 108
::1 - - [24/Jul/2014:09:43:27 +0800] "GET /link1// HTTP/1.1" 301 108
::1 - - [24/Jul/2014:09:43:27 +0800] "GET /link1// HTTP/1.1" 301 108
::1 - - [24/Jul/2014:09:43:27 +0800] "GET /link1// HTTP/1.1" 301 108
::1 - - [24/Jul/2014:09:43:27 +0800] "GET /link1// HTTP/1.1" 301 108
::1 - - [24/Jul/2014:09:43:27 +0800] "GET /link1// HTTP/1.1" 301 108
::1 - - [24/Jul/2014:09:43:27 +0800] "GET /link1// HTTP/1.1" 301 108
::1 - - [24/Jul/2014:09:43:27 +0800] "GET /link1// HTTP/1.1" 301 108
::1 - - [24/Jul/2014:09:43:27 +0800] "GET /link1// HTTP/1.1" 301 108
::1 - - [24/Jul/2014:09:43:27 +0800] "GET /link1// HTTP/1.1" 301 108
::1 - - [24/Jul/2014:09:43:42 +0800] "GET /link1/ HTTP/1.1" 303 104
::1 - - [24/Jul/2014:09:43:42 +0800] "GET /link1/home/ HTTP/1.1" 200 9051
::1 - - [24/Jul/2014:09:43:43 +0800] "GET /sickbeard/css/lib/bootstrap.css?2456 HTTP/1.1" 404 229
::1 - - [24/Jul/2014:09:43:43 +0800] "GET /sickbeard/css/lib/jquery-ui-1.10.4.custom.css?2456 HTTP/1.1" 404 243
::1 - - [24/Jul/2014:09:43:43 +0800] "GET /sickbeard/js/lib/jquery-ui-1.10.4.custom.min.js?2456 HTTP/1.1" 404 245
::1 - - [24/Jul/2014:09:43:43 +0800] "GET /sickbeard/css/lib/jquery.qtip.css?2456 HTTP/1.1" 404 231
::1 - - [24/Jul/2014:09:43:43 +0800] "GET /sickbeard/js/lib/jquery.cookie.js?2456 HTTP/1.1" 404 231
::1 - - [24/Jul/2014:09:43:43 +0800] "GET /sickbeard/css/style.css?2456 HTTP/1.1" 404 221
::1 - - [24/Jul/2014:09:43:43 +0800] "GET /sickbeard/js/lib/jquery.tablesorter-2.16.3.min.js?2456 HTTP/1.1" 404 247
::1 - - [24/Jul/2014:09:43:43 +0800] "GET /sickbeard/css/lib/jquery.pnotify.default.css?2456 HTTP/1.1" 404 242
::1 - - [24/Jul/2014:09:43:43 +0800] "GET /sickbeard/js/lib/jquery-1.7.2.min.js?2456 HTTP/1.1" 404 234
::1 - - [24/Jul/2014:09:43:43 +0800] "GET /sickbeard/js/lib/bootstrap.min.js?2456 HTTP/1.1" 404 231
::1 - - [24/Jul/2014:09:43:43 +0800] "GET /sickbeard/js/lib/jquery.selectboxes.min.js?2456 HTTP/1.1" 404 240
::1 - - [24/Jul/2014:09:43:43 +0800] "GET /sickbeard/js/lib/jquery.tablesorter.widgets-2.16.3.min.js?2456 HTTP/1.1" 404 255
::1 - - [24/Jul/2014:09:43:43 +0800] "GET /sickbeard/js/lib/jquery.qtip-2012-04-26.min.js?2456 HTTP/1.1" 404 244
::1 - - [24/Jul/2014:09:43:43 +0800] "GET /sickbeard/js/lib/jquery.pnotify-1.2.2.min.js?2456 HTTP/1.1" 404 242
::1 - - [24/Jul/2014:09:43:43 +0800] "GET /sickbeard/js/lib/jquery.form-3.50.js?2456 HTTP/1.1" 404 234
::1 - - [24/Jul/2014:09:43:43 +0800] "GET /sickbeard/js/lib/jquery.scrolltopcontrol-1.1.js?2456 HTTP/1.1" 404 245
::1 - - [24/Jul/2014:09:43:43 +0800] "GET /sickbeard/images/menu/system18.png HTTP/1.1" 404 232
::1 - - [24/Jul/2014:09:43:43 +0800] "GET /sickbeard/js/ajaxNotifications.js?2456 HTTP/1.1" 404 231
::1 - - [24/Jul/2014:09:43:43 +0800] "GET /sickbeard/js/browser.js?2456 HTTP/1.1" 404 221
::1 - - [24/Jul/2014:09:43:43 +0800] "GET /sickbeard/images/sickbeard.png HTTP/1.1" 404 228
::1 - - [24/Jul/2014:09:43:43 +0800] "GET /sickbeard/images/yes16.png HTTP/1.1" 404 224
::1 - - [24/Jul/2014:09:43:43 +0800] "GET /sickbeard/images/paypal/btn_donate_LG.gif HTTP/1.1" 404 239
::1 - - [24/Jul/2014:09:43:43 +0800] "GET /sickbeard/images/no16.png HTTP/1.1" 404 223
::1 - - [24/Jul/2014:09:43:43 +0800] "GET /sickbeard/images/menu/system18.png HTTP/1.1" 404 232
::1 - - [24/Jul/2014:09:43:43 +0800] "GET /sickbeard/images/glyphicons-halflings.png HTTP/1.1" 404 239
::1 - - [24/Jul/2014:09:43:43 +0800] "GET /sickbeard/images/bg.png HTTP/1.1" 404 221
::1 - - [24/Jul/2014:09:43:58 +0800] "GET /sickbeard/images/glyphicons-halflings-white.png HTTP/1.1" 404 245
::1 - - [24/Jul/2014:09:44:00 +0800] "GET /link2/ HTTP/1.1" 200 5693
::1 - - [24/Jul/2014:09:44:01 +0800] "POST /link2/queue/ HTTP/1.1" 200 507
::1 - - [24/Jul/2014:09:44:01 +0800] "POST /link2/history/ HTTP/1.1" 200 6539
::1 - - [24/Jul/2014:09:44:05 +0800] "POST /link2/queue/ HTTP/1.1" 200 507
::1 - - [24/Jul/2014:09:44:05 +0800] "POST /link2/history/ HTTP/1.1" 200 6539
::1 - - [24/Jul/2014:09:44:09 +0800] "POST /link2/queue/ HTTP/1.1" 200 507
::1 - - [24/Jul/2014:09:44:09 +0800] "POST /link2/history/ HTTP/1.1" 200 6539
::1 - - [24/Jul/2014:09:44:13 +0800] "POST /link2/queue/ HTTP/1.1" 200 507
::1 - - [24/Jul/2014:09:44:13 +0800] "POST /link2/history/ HTTP/1.1" 200 6539
::1 - - [24/Jul/2014:09:44:13 +0800] "GET / HTTP/1.1" 200 2004
::1 - - [24/Jul/2014:09:44:13 +0800] "GET /css/normalize.css HTTP/1.1" 200 10086
::1 - - [24/Jul/2014:09:44:13 +0800] "GET /js/pushy.js HTTP/1.1" 200 2490
::1 - - [24/Jul/2014:09:44:13 +0800] "GET /fonts/open-iconic.css HTTP/1.1" 200 14367
::1 - - [24/Jul/2014:09:44:13 +0800] "GET /css/style.css HTTP/1.1" 200 4355
::1 - - [24/Jul/2014:09:44:13 +0800] "GET /js/settings.js HTTP/1.1" 200 3816
::1 - - [24/Jul/2014:09:44:13 +0800] "GET /js/vendor/modernizr.custom.71422.js HTTP/1.1" 200 9096
::1 - - [24/Jul/2014:09:44:13 +0800] "GET /js/menu.js HTTP/1.1" 200 507
::1 - - [24/Jul/2014:09:44:14 +0800] "GET /fonts/open-iconic.woff HTTP/1.1" 404 220
::1 - - [24/Jul/2014:09:44:14 +0800] "GET /content/landing.html HTTP/1.1" 200 388
::1 - - [24/Jul/2014:09:44:14 +0800] "GET /cgi-bin/readSettings.py HTTP/1.1" 200 140
::1 - - [24/Jul/2014:09:44:14 +0800] "GET /css/style.css HTTP/1.1" 304 -
::1 - - [24/Jul/2014:09:44:14 +0800] "GET /css/normalize.css HTTP/1.1" 304 -
::1 - - [24/Jul/2014:09:44:14 +0800] "GET /js/vendor/modernizr.custom.71422.js HTTP/1.1" 304 -
::1 - - [24/Jul/2014:09:44:14 +0800] "GET /fonts/open-iconic.ttf HTTP/1.1" 200 28028
::1 - - [24/Jul/2014:09:44:15 +0800] "GET /link1 HTTP/1.1" 404 203
::1 - - [24/Jul/2014:09:44:28 +0800] "GET /link1 HTTP/1.1" 301 108
::1 - - [24/Jul/2014:09:44:28 +0800] "GET /link1/ HTTP/1.1" 303 104
::1 - - [24/Jul/2014:09:44:28 +0800] "GET /link1/home/ HTTP/1.1" 200 9051
::1 - - [24/Jul/2014:09:44:29 +0800] "GET /sickbeard/css/lib/bootstrap.css?2456 HTTP/1.1" 404 229
::1 - - [24/Jul/2014:09:44:29 +0800] "GET /sickbeard/css/lib/jquery.qtip.css?2456 HTTP/1.1" 404 231
::1 - - [24/Jul/2014:09:44:29 +0800] "GET /sickbeard/js/lib/jquery-1.7.2.min.js?2456 HTTP/1.1" 404 234
::1 - - [24/Jul/2014:09:44:29 +0800] "GET /sickbeard/css/lib/jquery-ui-1.10.4.custom.css?2456 HTTP/1.1" 404 243
::1 - - [24/Jul/2014:09:44:29 +0800] "GET /sickbeard/js/lib/jquery-ui-1.10.4.custom.min.js?2456 HTTP/1.1" 404 245
::1 - - [24/Jul/2014:09:44:29 +0800] "GET /sickbeard/css/lib/jquery.pnotify.default.css?2456 HTTP/1.1" 404 242
::1 - - [24/Jul/2014:09:44:29 +0800] "GET /sickbeard/js/lib/bootstrap.min.js?2456 HTTP/1.1" 404 231
::1 - - [24/Jul/2014:09:44:29 +0800] "GET /sickbeard/css/style.css?2456 HTTP/1.1" 404 221
::1 - - [24/Jul/2014:09:44:29 +0800] "GET /sickbeard/js/lib/jquery.tablesorter.widgets-2.16.3.min.js?2456 HTTP/1.1" 404 255
::1 - - [24/Jul/2014:09:44:29 +0800] "GET /sickbeard/js/lib/jquery.cookie.js?2456 HTTP/1.1" 404 231
::1 - - [24/Jul/2014:09:44:29 +0800] "GET /sickbeard/js/lib/jquery.selectboxes.min.js?2456 HTTP/1.1" 404 240
::1 - - [24/Jul/2014:09:44:29 +0800] "GET /sickbeard/js/lib/jquery.tablesorter-2.16.3.min.js?2456 HTTP/1.1" 404 247
::1 - - [24/Jul/2014:09:44:29 +0800] "GET /sickbeard/js/lib/jquery.qtip-2012-04-26.min.js?2456 HTTP/1.1" 404 244
::1 - - [24/Jul/2014:09:44:29 +0800] "GET /sickbeard/js/lib/jquery.pnotify-1.2.2.min.js?2456 HTTP/1.1" 404 242
::1 - - [24/Jul/2014:09:44:29 +0800] "GET /sickbeard/js/browser.js?2456 HTTP/1.1" 404 221
::1 - - [24/Jul/2014:09:44:29 +0800] "GET /sickbeard/js/lib/jquery.form-3.50.js?2456 HTTP/1.1" 404 234
::1 - - [24/Jul/2014:09:44:29 +0800] "GET /sickbeard/js/lib/jquery.scrolltopcontrol-1.1.js?2456 HTTP/1.1" 404 245
::1 - - [24/Jul/2014:09:44:29 +0800] "GET /sickbeard/images/menu/system18.png HTTP/1.1" 404 232
::1 - - [24/Jul/2014:09:44:29 +0800] "GET /sickbeard/js/ajaxNotifications.js?2456 HTTP/1.1" 404 231
::1 - - [24/Jul/2014:09:44:29 +0800] "GET /sickbeard/images/sickbeard.png HTTP/1.1" 404 228
::1 - - [24/Jul/2014:09:44:29 +0800] "GET /sickbeard/images/yes16.png HTTP/1.1" 404 224
::1 - - [24/Jul/2014:09:44:29 +0800] "GET /sickbeard/images/paypal/btn_donate_LG.gif HTTP/1.1" 404 239
::1 - - [24/Jul/2014:09:44:29 +0800] "GET /sickbeard/images/no16.png HTTP/1.1" 404 223
::1 - - [24/Jul/2014:09:44:29 +0800] "GET /sickbeard/images/menu/system18.png HTTP/1.1" 404 232
::1 - - [24/Jul/2014:09:44:29 +0800] "GET /sickbeard/images/glyphicons-halflings.png HTTP/1.1" 404 239
::1 - - [24/Jul/2014:09:44:29 +0800] "GET /sickbeard/images/bg.png HTTP/1.1" 404 221
::1 - - [24/Jul/2014:09:44:32 +0800] "GET /sickbeard/images/glyphicons-halflings-white.png HTTP/1.1" 404 245
::1 - - [24/Jul/2014:09:44:41 +0800] "GET / HTTP/1.1" 200 2004
::1 - - [24/Jul/2014:09:44:41 +0800] "GET /css/normalize.css HTTP/1.1" 200 10086
::1 - - [24/Jul/2014:09:44:41 +0800] "GET /fonts/open-iconic.css HTTP/1.1" 200 14367
::1 - - [24/Jul/2014:09:44:41 +0800] "GET /css/style.css HTTP/1.1" 200 4355
::1 - - [24/Jul/2014:09:44:41 +0800] "GET /js/pushy.js HTTP/1.1" 200 2490
::1 - - [24/Jul/2014:09:44:41 +0800] "GET /js/settings.js HTTP/1.1" 200 3816
::1 - - [24/Jul/2014:09:44:41 +0800] "GET /js/menu.js HTTP/1.1" 200 507
::1 - - [24/Jul/2014:09:44:41 +0800] "GET /js/vendor/modernizr.custom.71422.js HTTP/1.1" 200 9096
::1 - - [24/Jul/2014:09:44:42 +0800] "GET /fonts/open-iconic.woff HTTP/1.1" 404 220
::1 - - [24/Jul/2014:09:44:42 +0800] "GET /content/landing.html HTTP/1.1" 200 388
::1 - - [24/Jul/2014:09:44:42 +0800] "GET /cgi-bin/readSettings.py HTTP/1.1" 200 140
::1 - - [24/Jul/2014:09:44:42 +0800] "GET /fonts/open-iconic.ttf HTTP/1.1" 200 28028
::1 - - [24/Jul/2014:09:44:42 +0800] "GET /css/normalize.css HTTP/1.1" 304 -
::1 - - [24/Jul/2014:09:44:42 +0800] "GET /js/vendor/modernizr.custom.71422.js HTTP/1.1" 304 -
::1 - - [24/Jul/2014:09:44:42 +0800] "GET /css/style.css HTTP/1.1" 304 -
::1 - - [24/Jul/2014:09:44:43 +0800] "GET /link1 HTTP/1.1" 303 104
::1 - - [24/Jul/2014:09:44:43 +0800] "GET /link1home/ HTTP/1.1" 404 208
::1 - - [24/Jul/2014:09:45:00 +0800] "GET /link2/ HTTP/1.1" 200 5693
::1 - - [24/Jul/2014:09:45:00 +0800] "GET /link2/static/stylesheets/jqueryui/overcast/jquery-ui-1.8.15.custom.css?0.7.17 HTTP/1.1" 200 4747
::1 - - [24/Jul/2014:09:45:00 +0800] "GET /link2/static/stylesheets/rateit/rateit.css HTTP/1.1" 200 414
::1 - - [24/Jul/2014:09:45:00 +0800] "GET /link2/static/stylesheets/colorschemes/gold/gold.css?0.7.17 HTTP/1.1" 200 10186
::1 - - [24/Jul/2014:09:45:00 +0800] "GET /link2/static/javascripts/plush.js?0.7.17 HTTP/1.1" 200 9996
::1 - - [24/Jul/2014:09:45:00 +0800] "GET /link2/static/javascripts/lib.js?0.7.17 HTTP/1.1" 200 66258
::1 - - [24/Jul/2014:09:45:00 +0800] "GET /link2/static/stylesheets/colorschemes/gold/images/sprite-tiley.png HTTP/1.1" 200 216
::1 - - [24/Jul/2014:09:45:00 +0800] "GET /link2/static/stylesheets/colorschemes/gold/images/sprite-tilex.png HTTP/1.1" 200 610
::1 - - [24/Jul/2014:09:45:00 +0800] "GET /link2/static/stylesheets/colorschemes/gold/images/sprite-main.png HTTP/1.1" 200 30998
::1 - - [24/Jul/2014:09:45:00 +0800] "GET /link2/static/stylesheets/colorschemes/gold/images/loading-bar.gif HTTP/1.1" 200 3951
::1 - - [24/Jul/2014:09:45:00 +0800] "GET /link2/static/stylesheets/colorschemes/gold/images/colorbox-controls.png HTTP/1.1" 200 1249
::1 - - [24/Jul/2014:09:45:00 +0800] "GET /link2/static/stylesheets/colorschemes/gold/images/colorbox-border.png HTTP/1.1" 200 112
::1 - - [24/Jul/2014:09:45:00 +0800] "GET /link2/static/stylesheets/colorschemes/gold/images/nav/refresh-grey.png HTTP/1.1" 200 1700
::1 - - [24/Jul/2014:09:45:00 +0800] "GET /link2/static/stylesheets/colorschemes/gold/images/nav/addnzb-grey.png HTTP/1.1" 200 1323
::1 - - [24/Jul/2014:09:45:00 +0800] "GET /link2/static/stylesheets/colorschemes/gold/images/nav/options.png HTTP/1.1" 200 1027
::1 - - [24/Jul/2014:09:45:00 +0800] "GET /link2/static/stylesheets/colorschemes/gold/images/nav/downloads.png HTTP/1.1" 200 698
::1 - - [24/Jul/2014:09:45:00 +0800] "GET /link2/static/stylesheets/colorschemes/gold/images/nav/help-grey.png HTTP/1.1" 200 3606
::1 - - [24/Jul/2014:09:45:00 +0800] "GET /link2/static/stylesheets/colorschemes/gold/images/nav/connections-grey.png HTTP/1.1" 200 1742
::1 - - [24/Jul/2014:09:45:00 +0800] "POST /link2/queue/ HTTP/1.1" 200 507
::1 - - [24/Jul/2014:09:45:00 +0800] "GET /link2/static/stylesheets/colorschemes/gold/images/nav/rss-grey.png HTTP/1.1" 200 1513
::1 - - [24/Jul/2014:09:45:00 +0800] "GET /link2/static/stylesheets/jqueryui/overcast/images/ui-bg_glass_60_eeeeee_1x400.png HTTP/1.1" 200 110
::1 - - [24/Jul/2014:09:45:00 +0800] "GET /link2/static/stylesheets/colorschemes/gold/images/nav/config.png HTTP/1.1" 200 980
::1 - - [24/Jul/2014:09:45:00 +0800] "POST /link2/history/ HTTP/1.1" 200 6539
::1 - - [24/Jul/2014:09:45:02 +0800] "GET /link1 HTTP/1.1" 301 108
::1 - - [24/Jul/2014:09:45:02 +0800] "GET /link1/ HTTP/1.1" 303 104
::1 - - [24/Jul/2014:09:45:02 +0800] "GET /link2/static/stylesheets/colorschemes/gold/images/nav/connections.png HTTP/1.1" 200 1163
::1 - - [24/Jul/2014:09:45:02 +0800] "GET /link1/home/ HTTP/1.1" 200 9051
::1 - - [24/Jul/2014:09:45:02 +0800] "GET /sickbeard/css/lib/bootstrap.css?2456 HTTP/1.1" 404 229
::1 - - [24/Jul/2014:09:45:02 +0800] "GET /sickbeard/css/lib/jquery.pnotify.default.css?2456 HTTP/1.1" 404 242
::1 - - [24/Jul/2014:09:45:02 +0800] "GET /sickbeard/js/lib/jquery-1.7.2.min.js?2456 HTTP/1.1" 404 234
::1 - - [24/Jul/2014:09:45:02 +0800] "GET /sickbeard/css/lib/jquery-ui-1.10.4.custom.css?2456 HTTP/1.1" 404 243
::1 - - [24/Jul/2014:09:45:02 +0800] "GET /sickbeard/css/style.css?2456 HTTP/1.1" 404 221
::1 - - [24/Jul/2014:09:45:02 +0800] "GET /sickbeard/css/lib/jquery.qtip.css?2456 HTTP/1.1" 404 231
::1 - - [24/Jul/2014:09:45:02 +0800] "GET /sickbeard/js/lib/jquery.cookie.js?2456 HTTP/1.1" 404 231
::1 - - [24/Jul/2014:09:45:02 +0800] "GET /sickbeard/js/lib/bootstrap.min.js?2456 HTTP/1.1" 404 231
::1 - - [24/Jul/2014:09:45:02 +0800] "GET /sickbeard/js/lib/jquery.selectboxes.min.js?2456 HTTP/1.1" 404 240
::1 - - [24/Jul/2014:09:45:02 +0800] "GET /sickbeard/js/lib/jquery.tablesorter-2.16.3.min.js?2456 HTTP/1.1" 404 247
::1 - - [24/Jul/2014:09:45:02 +0800] "GET /sickbeard/js/lib/jquery-ui-1.10.4.custom.min.js?2456 HTTP/1.1" 404 245
::1 - - [24/Jul/2014:09:45:02 +0800] "GET /sickbeard/js/lib/jquery.pnotify-1.2.2.min.js?2456 HTTP/1.1" 404 242
::1 - - [24/Jul/2014:09:45:02 +0800] "GET /sickbeard/js/lib/jquery.qtip-2012-04-26.min.js?2456 HTTP/1.1" 404 244
::1 - - [24/Jul/2014:09:45:02 +0800] "GET /sickbeard/js/lib/jquery.tablesorter.widgets-2.16.3.min.js?2456 HTTP/1.1" 404 255
::1 - - [24/Jul/2014:09:45:02 +0800] "GET /sickbeard/js/lib/jquery.scrolltopcontrol-1.1.js?2456 HTTP/1.1" 404 245
::1 - - [24/Jul/2014:09:45:02 +0800] "GET /sickbeard/js/lib/jquery.form-3.50.js?2456 HTTP/1.1" 404 234
::1 - - [24/Jul/2014:09:45:02 +0800] "GET /sickbeard/js/browser.js?2456 HTTP/1.1" 404 221
::1 - - [24/Jul/2014:09:45:02 +0800] "GET /sickbeard/js/ajaxNotifications.js?2456 HTTP/1.1" 404 231
::1 - - [24/Jul/2014:09:45:02 +0800] "GET /sickbeard/images/sickbeard.png HTTP/1.1" 404 228
::1 - - [24/Jul/2014:09:45:02 +0800] "GET /sickbeard/images/no16.png HTTP/1.1" 404 223
::1 - - [24/Jul/2014:09:45:02 +0800] "GET /sickbeard/images/menu/system18.png HTTP/1.1" 404 232
::1 - - [24/Jul/2014:09:45:02 +0800] "GET /sickbeard/images/paypal/btn_donate_LG.gif HTTP/1.1" 404 239
::1 - - [24/Jul/2014:09:45:02 +0800] "GET /sickbeard/images/yes16.png HTTP/1.1" 404 224
::1 - - [24/Jul/2014:09:45:02 +0800] "GET /sickbeard/images/glyphicons-halflings.png HTTP/1.1" 404 239
::1 - - [24/Jul/2014:09:45:02 +0800] "GET /sickbeard/images/bg.png HTTP/1.1" 404 221
::1 - - [24/Jul/2014:09:45:50 +0800] "GET /sickbeard HTTP/1.1" 404 207
::1 - - [24/Jul/2014:09:45:52 +0800] "GET /sickbeard/ HTTP/1.1" 404 208
::1 - - [24/Jul/2014:09:45:57 +0800] "GET /link1/ HTTP/1.1" 303 104
::1 - - [24/Jul/2014:09:45:57 +0800] "GET /link1/home/ HTTP/1.1" 200 9051
::1 - - [24/Jul/2014:09:45:58 +0800] "GET /sickbeard/css/lib/bootstrap.css?2456 HTTP/1.1" 404 229
::1 - - [24/Jul/2014:09:45:58 +0800] "GET /sickbeard/js/lib/jquery-1.7.2.min.js?2456 HTTP/1.1" 404 234
::1 - - [24/Jul/2014:09:45:58 +0800] "GET /sickbeard/css/lib/jquery-ui-1.10.4.custom.css?2456 HTTP/1.1" 404 243
::1 - - [24/Jul/2014:09:45:58 +0800] "GET /sickbeard/js/lib/jquery-ui-1.10.4.custom.min.js?2456 HTTP/1.1" 404 245
::1 - - [24/Jul/2014:09:45:58 +0800] "GET /sickbeard/css/lib/jquery.qtip.css?2456 HTTP/1.1" 404 231
::1 - - [24/Jul/2014:09:45:58 +0800] "GET /sickbeard/css/style.css?2456 HTTP/1.1" 404 221
::1 - - [24/Jul/2014:09:45:58 +0800] "GET /sickbeard/css/lib/jquery.pnotify.default.css?2456 HTTP/1.1" 404 242
::1 - - [24/Jul/2014:09:45:58 +0800] "GET /sickbeard/js/lib/jquery.cookie.js?2456 HTTP/1.1" 404 231
::1 - - [24/Jul/2014:09:45:58 +0800] "GET /sickbeard/js/lib/bootstrap.min.js?2456 HTTP/1.1" 404 231
::1 - - [24/Jul/2014:09:45:58 +0800] "GET /sickbeard/js/lib/jquery.selectboxes.min.js?2456 HTTP/1.1" 404 240
::1 - - [24/Jul/2014:09:45:58 +0800] "GET /sickbeard/js/lib/jquery.pnotify-1.2.2.min.js?2456 HTTP/1.1" 404 242
::1 - - [24/Jul/2014:09:45:58 +0800] "GET /sickbeard/js/lib/jquery.qtip-2012-04-26.min.js?2456 HTTP/1.1" 404 244
::1 - - [24/Jul/2014:09:45:58 +0800] "GET /sickbeard/js/lib/jquery.tablesorter-2.16.3.min.js?2456 HTTP/1.1" 404 247
::1 - - [24/Jul/2014:09:45:58 +0800] "GET /sickbeard/js/lib/jquery.tablesorter.widgets-2.16.3.min.js?2456 HTTP/1.1" 404 255
::1 - - [24/Jul/2014:09:45:58 +0800] "GET /sickbeard/js/lib/jquery.form-3.50.js?2456 HTTP/1.1" 404 234
::1 - - [24/Jul/2014:09:45:58 +0800] "GET /sickbeard/js/lib/jquery.scrolltopcontrol-1.1.js?2456 HTTP/1.1" 404 245
::1 - - [24/Jul/2014:09:45:58 +0800] "GET /sickbeard/js/browser.js?2456 HTTP/1.1" 404 221
::1 - - [24/Jul/2014:09:45:58 +0800] "GET /sickbeard/js/ajaxNotifications.js?2456 HTTP/1.1" 404 231
::1 - - [24/Jul/2014:09:45:58 +0800] "GET /sickbeard/images/paypal/btn_donate_LG.gif HTTP/1.1" 404 239
::1 - - [24/Jul/2014:09:45:58 +0800] "GET /sickbeard/images/menu/system18.png HTTP/1.1" 404 232
::1 - - [24/Jul/2014:09:45:58 +0800] "GET /sickbeard/images/no16.png HTTP/1.1" 404 223
::1 - - [24/Jul/2014:09:45:58 +0800] "GET /sickbeard/images/sickbeard.png HTTP/1.1" 404 228
::1 - - [24/Jul/2014:09:45:58 +0800] "GET /sickbeard/images/yes16.png HTTP/1.1" 404 224
::1 - - [24/Jul/2014:09:45:58 +0800] "GET /sickbeard/images/glyphicons-halflings.png HTTP/1.1" 404 239
::1 - - [24/Jul/2014:09:45:58 +0800] "GET /sickbeard/images/bg.png HTTP/1.1" 404 221
::1 - - [24/Jul/2014:09:45:58 +0800] "GET /sickbeard/images/ico/favicon.ico HTTP/1.1" 404 230
::1 - - [24/Jul/2014:09:46:01 +0800] "GET /link1 HTTP/1.1" 301 108
::1 - - [24/Jul/2014:09:46:01 +0800] "GET /link1/ HTTP/1.1" 303 104
::1 - - [24/Jul/2014:09:46:01 +0800] "GET /link1/home/ HTTP/1.1" 200 9051
::1 - - [24/Jul/2014:09:46:02 +0800] "GET /sickbeard/css/lib/bootstrap.css?2456 HTTP/1.1" 404 229
::1 - - [24/Jul/2014:09:46:02 +0800] "GET /sickbeard/css/style.css?2456 HTTP/1.1" 404 221
::1 - - [24/Jul/2014:09:46:02 +0800] "GET /sickbeard/js/lib/jquery-ui-1.10.4.custom.min.js?2456 HTTP/1.1" 404 245
::1 - - [24/Jul/2014:09:46:02 +0800] "GET /sickbeard/css/lib/jquery.pnotify.default.css?2456 HTTP/1.1" 404 242
::1 - - [24/Jul/2014:09:46:02 +0800] "GET /sickbeard/js/lib/jquery-1.7.2.min.js?2456 HTTP/1.1" 404 234
::1 - - [24/Jul/2014:09:46:02 +0800] "GET /sickbeard/js/lib/jquery.tablesorter-2.16.3.min.js?2456 HTTP/1.1" 404 247
::1 - - [24/Jul/2014:09:46:02 +0800] "GET /sickbeard/js/lib/jquery.tablesorter.widgets-2.16.3.min.js?2456 HTTP/1.1" 404 255
::1 - - [24/Jul/2014:09:46:02 +0800] "GET /sickbeard/css/lib/jquery-ui-1.10.4.custom.css?2456 HTTP/1.1" 404 243
::1 - - [24/Jul/2014:09:46:02 +0800] "GET /sickbeard/js/lib/bootstrap.min.js?2456 HTTP/1.1" 404 231
::1 - - [24/Jul/2014:09:46:02 +0800] "GET /sickbeard/js/lib/jquery.cookie.js?2456 HTTP/1.1" 404 231
::1 - - [24/Jul/2014:09:46:02 +0800] "GET /sickbeard/css/lib/jquery.qtip.css?2456 HTTP/1.1" 404 231
::1 - - [24/Jul/2014:09:46:02 +0800] "GET /sickbeard/js/lib/jquery.qtip-2012-04-26.min.js?2456 HTTP/1.1" 404 244
::1 - - [24/Jul/2014:09:46:02 +0800] "GET /sickbeard/js/lib/jquery.selectboxes.min.js?2456 HTTP/1.1" 404 240
::1 - - [24/Jul/2014:09:46:02 +0800] "GET /sickbeard/js/browser.js?2456 HTTP/1.1" 404 221
::1 - - [24/Jul/2014:09:46:02 +0800] "GET /sickbeard/images/sickbeard.png HTTP/1.1" 404 228
::1 - - [24/Jul/2014:09:46:02 +0800] "GET /sickbeard/js/lib/jquery.scrolltopcontrol-1.1.js?2456 HTTP/1.1" 404 245
::1 - - [24/Jul/2014:09:46:02 +0800] "GET /sickbeard/images/menu/system18.png HTTP/1.1" 404 232
::1 - - [24/Jul/2014:09:46:02 +0800] "GET /sickbeard/js/lib/jquery.pnotify-1.2.2.min.js?2456 HTTP/1.1" 404 242
::1 - - [24/Jul/2014:09:46:02 +0800] "GET /sickbeard/js/lib/jquery.form-3.50.js?2456 HTTP/1.1" 404 234
::1 - - [24/Jul/2014:09:46:02 +0800] "GET /sickbeard/js/ajaxNotifications.js?2456 HTTP/1.1" 404 231
::1 - - [24/Jul/2014:09:46:02 +0800] "GET /sickbeard/images/yes16.png HTTP/1.1" 404 224
::1 - - [24/Jul/2014:09:46:02 +0800] "GET /sickbeard/images/no16.png HTTP/1.1" 404 223
::1 - - [24/Jul/2014:09:46:02 +0800] "GET /sickbeard/images/paypal/btn_donate_LG.gif HTTP/1.1" 404 239
::1 - - [24/Jul/2014:09:46:02 +0800] "GET /sickbeard/images/sickbeard.png HTTP/1.1" 404 228
::1 - - [24/Jul/2014:09:46:02 +0800] "GET /sickbeard/images/menu/system18.png HTTP/1.1" 404 232
::1 - - [24/Jul/2014:09:46:02 +0800] "GET /sickbeard/images/glyphicons-halflings.png HTTP/1.1" 404 239
::1 - - [24/Jul/2014:09:46:02 +0800] "GET /sickbeard/images/bg.png HTTP/1.1" 404 221
::1 - - [24/Jul/2014:09:46:22 +0800] "GET /sickbeard HTTP/1.1" 303 104
::1 - - [24/Jul/2014:09:46:22 +0800] "GET /sickbeardhome/ HTTP/1.1" 404 212
::1 - - [24/Jul/2014:09:46:27 +0800] "GET /sickbeard/ HTTP/1.1" 303 104
::1 - - [24/Jul/2014:09:46:27 +0800] "GET /sickbeardhome/ HTTP/1.1" 404 212
::1 - - [24/Jul/2014:09:46:32 +0800] "GET /sickbeard/ HTTP/1.1" 303 104
::1 - - [24/Jul/2014:09:46:32 +0800] "GET /sickbeardhome/ HTTP/1.1" 404 212
::1 - - [24/Jul/2014:10:22:25 +0800] "GET / HTTP/1.1" 200 2004
::1 - - [24/Jul/2014:10:22:25 +0800] "GET /css/style.css HTTP/1.1" 200 4355
::1 - - [24/Jul/2014:10:22:25 +0800] "GET /fonts/open-iconic.css HTTP/1.1" 200 14367
::1 - - [24/Jul/2014:10:22:25 +0800] "GET /js/menu.js HTTP/1.1" 200 507
::1 - - [24/Jul/2014:10:22:25 +0800] "GET /js/settings.js HTTP/1.1" 200 3816
::1 - - [24/Jul/2014:10:22:25 +0800] "GET /css/normalize.css HTTP/1.1" 200 10086
::1 - - [24/Jul/2014:10:22:25 +0800] "GET /js/pushy.js HTTP/1.1" 200 2490
::1 - - [24/Jul/2014:10:22:25 +0800] "GET /js/vendor/modernizr.custom.71422.js HTTP/1.1" 200 9096
::1 - - [24/Jul/2014:10:22:26 +0800] "GET /fonts/open-iconic.woff HTTP/1.1" 404 220
::1 - - [24/Jul/2014:10:22:26 +0800] "GET /content/landing.html HTTP/1.1" 200 388
::1 - - [24/Jul/2014:10:22:26 +0800] "GET /fonts/open-iconic.ttf HTTP/1.1" 200 28028
::1 - - [24/Jul/2014:10:22:26 +0800] "GET /cgi-bin/readSettings.py HTTP/1.1" 200 140
::1 - - [24/Jul/2014:10:22:28 +0800] "GET /link2/ HTTP/1.1" 200 5693
::1 - - [24/Jul/2014:10:22:28 +0800] "GET /link2/static/stylesheets/rateit/rateit.css HTTP/1.1" 404 150
::1 - - [24/Jul/2014:10:22:28 +0800] "GET /link2/static/stylesheets/colorschemes/gold/gold.css?0.7.17 HTTP/1.1" 404 150
::1 - - [24/Jul/2014:10:22:28 +0800] "GET /link2/static/javascripts/lib.js?0.7.17 HTTP/1.1" 404 150
::1 - - [24/Jul/2014:10:22:28 +0800] "GET /link2/static/javascripts/plush.js?0.7.17 HTTP/1.1" 404 150
::1 - - [24/Jul/2014:10:22:29 +0800] "GET /link2/static/stylesheets/jqueryui/overcast/jquery-ui-1.8.15.custom.css?0.7.17 HTTP/1.1" 404 150
::1 - - [24/Jul/2014:10:24:56 +0800] "GET / HTTP/1.1" 200 2004
::1 - - [24/Jul/2014:10:24:56 +0800] "GET /css/style.css HTTP/1.1" 200 4355
::1 - - [24/Jul/2014:10:24:56 +0800] "GET /js/menu.js HTTP/1.1" 200 507
::1 - - [24/Jul/2014:10:24:56 +0800] "GET /js/vendor/modernizr.custom.71422.js HTTP/1.1" 200 9096
::1 - - [24/Jul/2014:10:24:56 +0800] "GET /js/pushy.js HTTP/1.1" 200 2490
::1 - - [24/Jul/2014:10:24:56 +0800] "GET /css/normalize.css HTTP/1.1" 200 10086
::1 - - [24/Jul/2014:10:24:56 +0800] "GET /js/settings.js HTTP/1.1" 200 3816
::1 - - [24/Jul/2014:10:24:56 +0800] "GET /fonts/open-iconic.css HTTP/1.1" 200 14367
::1 - - [24/Jul/2014:10:24:56 +0800] "GET /content/landing.html HTTP/1.1" 200 388
::1 - - [24/Jul/2014:10:24:56 +0800] "GET /fonts/open-iconic.woff HTTP/1.1" 404 220
::1 - - [24/Jul/2014:10:24:56 +0800] "GET /cgi-bin/readSettings.py HTTP/1.1" 200 140
::1 - - [24/Jul/2014:10:24:57 +0800] "GET /fonts/open-iconic.ttf HTTP/1.1" 200 28028
::1 - - [24/Jul/2014:10:24:57 +0800] "GET /css/style.css HTTP/1.1" 304 -
::1 - - [24/Jul/2014:10:24:57 +0800] "GET /css/normalize.css HTTP/1.1" 304 -
::1 - - [24/Jul/2014:10:24:57 +0800] "GET /js/vendor/modernizr.custom.71422.js HTTP/1.1" 304 -
::1 - - [24/Jul/2014:10:24:58 +0800] "GET /link2/ HTTP/1.1" 200 5693
::1 - - [24/Jul/2014:10:24:58 +0800] "GET /link2/static/stylesheets/jqueryui/overcast/jquery-ui-1.8.15.custom.css?0.7.17 HTTP/1.1" 200 4747
::1 - - [24/Jul/2014:10:24:58 +0800] "GET /link2/static/stylesheets/rateit/rateit.css HTTP/1.1" 200 414
::1 - - [24/Jul/2014:10:24:58 +0800] "GET /link2/static/javascripts/plush.js?0.7.17 HTTP/1.1" 200 9996
::1 - - [24/Jul/2014:10:24:58 +0800] "GET /link2/static/stylesheets/colorschemes/gold/gold.css?0.7.17 HTTP/1.1" 200 10186
::1 - - [24/Jul/2014:10:24:58 +0800] "GET /link2/static/javascripts/lib.js?0.7.17 HTTP/1.1" 200 66258
::1 - - [24/Jul/2014:10:24:58 +0800] "GET /link2/static/stylesheets/colorschemes/gold/images/sprite-tiley.png HTTP/1.1" 200 216
::1 - - [24/Jul/2014:10:24:58 +0800] "GET /link2/static/stylesheets/colorschemes/gold/images/sprite-tilex.png HTTP/1.1" 200 610
::1 - - [24/Jul/2014:10:24:58 +0800] "GET /link2/static/stylesheets/colorschemes/gold/images/loading-bar.gif HTTP/1.1" 200 3951
::1 - - [24/Jul/2014:10:24:58 +0800] "GET /link2/static/stylesheets/colorschemes/gold/images/sprite-main.png HTTP/1.1" 200 30998
::1 - - [24/Jul/2014:10:24:58 +0800] "GET /link2/static/stylesheets/colorschemes/gold/images/colorbox-controls.png HTTP/1.1" 200 1249
::1 - - [24/Jul/2014:10:24:58 +0800] "GET /link2/static/stylesheets/colorschemes/gold/images/colorbox-border.png HTTP/1.1" 200 112
::1 - - [24/Jul/2014:10:24:58 +0800] "GET /link2/static/stylesheets/colorschemes/gold/images/nav/addnzb-grey.png HTTP/1.1" 200 1323
::1 - - [24/Jul/2014:10:24:58 +0800] "GET /link2/static/stylesheets/colorschemes/gold/images/nav/refresh-grey.png HTTP/1.1" 200 1700
::1 - - [24/Jul/2014:10:24:58 +0800] "GET /link2/static/stylesheets/colorschemes/gold/images/nav/options.png HTTP/1.1" 200 1027
::1 - - [24/Jul/2014:10:24:58 +0800] "GET /link2/static/stylesheets/colorschemes/gold/images/nav/help-grey.png HTTP/1.1" 200 3606
::1 - - [24/Jul/2014:10:24:58 +0800] "GET /link2/static/stylesheets/colorschemes/gold/images/nav/downloads.png HTTP/1.1" 200 698
::1 - - [24/Jul/2014:10:24:58 +0800] "GET /link2/static/stylesheets/colorschemes/gold/images/nav/connections-grey.png HTTP/1.1" 200 1742
::1 - - [24/Jul/2014:10:24:58 +0800] "GET /link2/static/stylesheets/jqueryui/overcast/images/ui-bg_glass_60_eeeeee_1x400.png HTTP/1.1" 200 110
::1 - - [24/Jul/2014:10:24:58 +0800] "GET /link2/static/stylesheets/colorschemes/gold/images/nav/config.png HTTP/1.1" 200 980
::1 - - [24/Jul/2014:10:24:58 +0800] "GET /link2/static/stylesheets/colorschemes/gold/images/nav/rss-grey.png HTTP/1.1" 200 1513
::1 - - [24/Jul/2014:10:24:58 +0800] "POST /link2/queue/ HTTP/1.1" 200 506
::1 - - [24/Jul/2014:10:24:58 +0800] "POST /link2/history/ HTTP/1.1" 200 6539
::1 - - [24/Jul/2014:10:25:00 +0800] "GET /link1 HTTP/1.1" 404 203
::1 - - [24/Jul/2014:10:25:10 +0800] "GET / HTTP/1.1" 200 2004
::1 - - [24/Jul/2014:10:25:10 +0800] "GET /css/normalize.css HTTP/1.1" 200 10086
::1 - - [24/Jul/2014:10:25:10 +0800] "GET /css/style.css HTTP/1.1" 200 4355
::1 - - [24/Jul/2014:10:25:10 +0800] "GET /fonts/open-iconic.css HTTP/1.1" 200 14367
::1 - - [24/Jul/2014:10:25:10 +0800] "GET /js/menu.js HTTP/1.1" 200 508
::1 - - [24/Jul/2014:10:25:10 +0800] "GET /js/pushy.js HTTP/1.1" 200 2490
::1 - - [24/Jul/2014:10:25:10 +0800] "GET /js/settings.js HTTP/1.1" 200 3816
::1 - - [24/Jul/2014:10:25:10 +0800] "GET /js/vendor/modernizr.custom.71422.js HTTP/1.1" 200 9096
::1 - - [24/Jul/2014:10:25:11 +0800] "GET /content/landing.html HTTP/1.1" 200 388
::1 - - [24/Jul/2014:10:25:11 +0800] "GET /fonts/open-iconic.woff HTTP/1.1" 404 220
::1 - - [24/Jul/2014:10:25:11 +0800] "GET /cgi-bin/readSettings.py HTTP/1.1" 200 140
::1 - - [24/Jul/2014:10:25:11 +0800] "GET /css/normalize.css HTTP/1.1" 304 -
::1 - - [24/Jul/2014:10:25:11 +0800] "GET /js/vendor/modernizr.custom.71422.js HTTP/1.1" 304 -
::1 - - [24/Jul/2014:10:25:11 +0800] "GET /css/style.css HTTP/1.1" 304 -
::1 - - [24/Jul/2014:10:25:11 +0800] "GET /fonts/open-iconic.ttf HTTP/1.1" 200 28028
::1 - - [24/Jul/2014:10:25:12 +0800] "GET /link1/ HTTP/1.1" 301 108
::1 - - [24/Jul/2014:10:25:12 +0800] "GET /link1// HTTP/1.1" 301 108
::1 - - [24/Jul/2014:10:25:12 +0800] "GET /link1// HTTP/1.1" 301 108
::1 - - [24/Jul/2014:10:25:12 +0800] "GET /link1// HTTP/1.1" 301 108
::1 - - [24/Jul/2014:10:25:12 +0800] "GET /link1// HTTP/1.1" 301 108
::1 - - [24/Jul/2014:10:25:12 +0800] "GET /link1// HTTP/1.1" 301 108
::1 - - [24/Jul/2014:10:25:12 +0800] "GET /link1// HTTP/1.1" 301 108
::1 - - [24/Jul/2014:10:25:12 +0800] "GET /link1// HTTP/1.1" 301 108
::1 - - [24/Jul/2014:10:25:12 +0800] "GET /link1// HTTP/1.1" 301 108
::1 - - [24/Jul/2014:10:25:12 +0800] "GET /link1// HTTP/1.1" 301 108
::1 - - [24/Jul/2014:10:25:12 +0800] "GET /link1// HTTP/1.1" 301 108
::1 - - [24/Jul/2014:10:25:12 +0800] "GET /link1// HTTP/1.1" 301 108
::1 - - [24/Jul/2014:10:25:12 +0800] "GET /link1// HTTP/1.1" 301 108
::1 - - [24/Jul/2014:10:25:12 +0800] "GET /link1// HTTP/1.1" 301 108
::1 - - [24/Jul/2014:10:25:12 +0800] "GET /link1// HTTP/1.1" 301 108
::1 - - [24/Jul/2014:10:25:12 +0800] "GET /link1// HTTP/1.1" 301 108
::1 - - [24/Jul/2014:10:25:12 +0800] "GET /link1// HTTP/1.1" 301 108
::1 - - [24/Jul/2014:10:25:12 +0800] "GET /link1// HTTP/1.1" 301 108
::1 - - [24/Jul/2014:10:25:12 +0800] "GET /link1// HTTP/1.1" 301 108
::1 - - [24/Jul/2014:10:25:12 +0800] "GET /link1// HTTP/1.1" 301 108
::1 - - [24/Jul/2014:10:25:12 +0800] "GET /link1// HTTP/1.1" 301 108
